Build started 24/04/2013 10:56:48.
     1>Project "C:\Users\David\Documents\Skydrive\3rd Year Project\DAVID RYAN 3rd Year Project Part 1\DirectXStuff\DirectXStuff\DirectXStuff.vcxproj" on node 2 (build target(s)).
     1>InitializeBuildStatus:
         Creating "Release\DirectXStuff.unsuccessfulbuild" because "AlwaysCreate" was specified.
       ClCompile:
         All outputs are up-to-date.
       Link:
         c:\Program Files (x86)\Microsoft Visual Studio 10.0\VC\bin\link.exe /ERRORREPORT:PROMPT /OUT:"C:\Users\David\Documents\Skydrive\3rd Year Project\DAVID RYAN 3rd Year Project Part 1\DirectXStuff\Release\DirectXStuff.exe" /INCREMENTAL:NO /NOLOGO kernel32.lib user32.lib gdi32.lib winspool.lib comdlg32.lib advapi32.lib shell32.lib ole32.lib oleaut32.lib uuid.lib odbc32.lib odbccp32.lib /MANIFEST /ManifestFile:"Release\DirectXStuff.exe.intermediate.manifest" /MANIFESTUAC:"level='asInvoker' uiAccess='false'" /DEBUG /PDB:"C:\Users\David\Documents\Skydrive\3rd Year Project\DAVID RYAN 3rd Year Project Part 1\DirectXStuff\Release\DirectXStuff.pdb" /SUBSYSTEM:WINDOWS /OPT:REF /OPT:ICF /LTCG /TLBID:1 /DYNAMICBASE /NXCOMPAT /IMPLIB:"C:\Users\David\Documents\Skydrive\3rd Year Project\DAVID RYAN 3rd Year Project Part 1\DirectXStuff\Release\DirectXStuff.lib" /MACHINE:X86 Release\Application.obj
         Release\Camera.obj
         Release\CPUQuery.obj
         Release\Direct3DHandler.obj
         Release\DXMain.obj
         Release\FontHandler.obj
         Release\FontShader.obj
         Release\FramesPS.obj
         Release\Input.obj
         Release\Light.obj
         Release\LightShader.obj
         Release\Model.obj
         Release\Position.obj
         Release\ReflectionShader.obj
         Release\RenderTexture.obj
         Release\SkyBox.obj
         Release\SkyBoxShader.obj
         Release\Skyplane.obj
         Release\SkyplaneShader.obj
         Release\SystemBackend.obj
         Release\Terrain.obj
         Release\TerrainShader.obj
         Release\TextHandler.obj
         Release\Texture.obj
         Release\TextureShader.obj
         Release\Timer.obj
         Release\Water.obj
         Release\WaterShader.obj
         Generating code
         Finished generating code
         DirectXStuff.vcxproj -> C:\Users\David\Documents\Skydrive\3rd Year Project\DAVID RYAN 3rd Year Project Part 1\DirectXStuff\Release\DirectXStuff.exe
       Manifest:
         C:\Program Files (x86)\Microsoft SDKs\Windows\v7.0A\bin\mt.exe /nologo /verbose /outputresource:"C:\Users\David\Documents\Skydrive\3rd Year Project\DAVID RYAN 3rd Year Project Part 1\DirectXStuff\Release\DirectXStuff.exe;#1" /manifest Release\DirectXStuff.exe.intermediate.manifest
       FinalizeBuildStatus:
         Deleting file "Release\DirectXStuff.unsuccessfulbuild".
         Touching "Release\DirectXStuff.lastbuildstate".
     1>Done Building Project "C:\Users\David\Documents\Skydrive\3rd Year Project\DAVID RYAN 3rd Year Project Part 1\DirectXStuff\DirectXStuff\DirectXStuff.vcxproj" (build target(s)).

Build succeeded.

Time Elapsed 00:00:03.95
