C:\USERS\DAVID\DOCUMENTS\GITHUB\3RDYEARPROJECTSTORAGE\DAVID RYAN 3RD YEAR PROJECT PART 1\DIRECTXSTUFF\DIRECTXSTUFF\RELEASE\APPLICATION.OBJ
C:\USERS\DAVID\DOCUMENTS\GITHUB\3RDYEARPROJECTSTORAGE\DAVID RYAN 3RD YEAR PROJECT PART 1\DIRECTXSTUFF\DIRECTXSTUFF\RELEASE\CAMERA.OBJ
C:\USERS\DAVID\DOCUMENTS\GITHUB\3RDYEARPROJECTSTORAGE\DAVID RYAN 3RD YEAR PROJECT PART 1\DIRECTXSTUFF\DIRECTXSTUFF\RELEASE\COLORSHADER.OBJ
C:\USERS\DAVID\DOCUMENTS\GITHUB\3RDYEARPROJECTSTORAGE\DAVID RYAN 3RD YEAR PROJECT PART 1\DIRECTXSTUFF\DIRECTXSTUFF\RELEASE\CPUQUERY.OBJ
C:\USERS\DAVID\DOCUMENTS\GITHUB\3RDYEARPROJECTSTORAGE\DAVID RYAN 3RD YEAR PROJECT PART 1\DIRECTXSTUFF\DIRECTXSTUFF\RELEASE\DIRECT3DHANDLER.OBJ
C:\USERS\DAVID\DOCUMENTS\GITHUB\3RDYEARPROJECTSTORAGE\DAVID RYAN 3RD YEAR PROJECT PART 1\DIRECTXSTUFF\DIRECTXSTUFF\RELEASE\DIRECTXSTUFF.EXE.INTERMEDIATE.MANIFEST
C:\USERS\DAVID\DOCUMENTS\GITHUB\3RDYEARPROJECTSTORAGE\DAVID RYAN 3RD YEAR PROJECT PART 1\DIRECTXSTUFF\DIRECTXSTUFF\RELEASE\DXMAIN.OBJ
C:\USERS\DAVID\DOCUMENTS\GITHUB\3RDYEARPROJECTSTORAGE\DAVID RYAN 3RD YEAR PROJECT PART 1\DIRECTXSTUFF\DIRECTXSTUFF\RELEASE\FONTHANDLER.OBJ
C:\USERS\DAVID\DOCUMENTS\GITHUB\3RDYEARPROJECTSTORAGE\DAVID RYAN 3RD YEAR PROJECT PART 1\DIRECTXSTUFF\DIRECTXSTUFF\RELEASE\FONTSHADER.OBJ
C:\USERS\DAVID\DOCUMENTS\GITHUB\3RDYEARPROJECTSTORAGE\DAVID RYAN 3RD YEAR PROJECT PART 1\DIRECTXSTUFF\DIRECTXSTUFF\RELEASE\FRAMESPS.OBJ
C:\USERS\DAVID\DOCUMENTS\GITHUB\3RDYEARPROJECTSTORAGE\DAVID RYAN 3RD YEAR PROJECT PART 1\DIRECTXSTUFF\DIRECTXSTUFF\RELEASE\INPUT.OBJ
C:\USERS\DAVID\DOCUMENTS\GITHUB\3RDYEARPROJECTSTORAGE\DAVID RYAN 3RD YEAR PROJECT PART 1\DIRECTXSTUFF\DIRECTXSTUFF\RELEASE\LIGHT.OBJ
C:\USERS\DAVID\DOCUMENTS\GITHUB\3RDYEARPROJECTSTORAGE\DAVID RYAN 3RD YEAR PROJECT PART 1\DIRECTXSTUFF\DIRECTXSTUFF\RELEASE\LIGHTSHADER.OBJ
C:\USERS\DAVID\DOCUMENTS\GITHUB\3RDYEARPROJECTSTORAGE\DAVID RYAN 3RD YEAR PROJECT PART 1\DIRECTXSTUFF\DIRECTXSTUFF\RELEASE\MODEL.OBJ
C:\USERS\DAVID\DOCUMENTS\GITHUB\3RDYEARPROJECTSTORAGE\DAVID RYAN 3RD YEAR PROJECT PART 1\DIRECTXSTUFF\DIRECTXSTUFF\RELEASE\POSITION.OBJ
C:\USERS\DAVID\DOCUMENTS\GITHUB\3RDYEARPROJECTSTORAGE\DAVID RYAN 3RD YEAR PROJECT PART 1\DIRECTXSTUFF\DIRECTXSTUFF\RELEASE\REFLECTIONSHADER.OBJ
C:\USERS\DAVID\DOCUMENTS\GITHUB\3RDYEARPROJECTSTORAGE\DAVID RYAN 3RD YEAR PROJECT PART 1\DIRECTXSTUFF\DIRECTXSTUFF\RELEASE\RENDERTEXTURE.OBJ
C:\USERS\DAVID\DOCUMENTS\GITHUB\3RDYEARPROJECTSTORAGE\DAVID RYAN 3RD YEAR PROJECT PART 1\DIRECTXSTUFF\DIRECTXSTUFF\RELEASE\SKYDOME.OBJ
C:\USERS\DAVID\DOCUMENTS\GITHUB\3RDYEARPROJECTSTORAGE\DAVID RYAN 3RD YEAR PROJECT PART 1\DIRECTXSTUFF\DIRECTXSTUFF\RELEASE\SKYDOMESHADER.OBJ
C:\USERS\DAVID\DOCUMENTS\GITHUB\3RDYEARPROJECTSTORAGE\DAVID RYAN 3RD YEAR PROJECT PART 1\DIRECTXSTUFF\DIRECTXSTUFF\RELEASE\SKYPLANE.OBJ
C:\USERS\DAVID\DOCUMENTS\GITHUB\3RDYEARPROJECTSTORAGE\DAVID RYAN 3RD YEAR PROJECT PART 1\DIRECTXSTUFF\DIRECTXSTUFF\RELEASE\SKYPLANESHADER.OBJ
C:\USERS\DAVID\DOCUMENTS\GITHUB\3RDYEARPROJECTSTORAGE\DAVID RYAN 3RD YEAR PROJECT PART 1\DIRECTXSTUFF\DIRECTXSTUFF\RELEASE\SYSTEMBACKEND.OBJ
C:\USERS\DAVID\DOCUMENTS\GITHUB\3RDYEARPROJECTSTORAGE\DAVID RYAN 3RD YEAR PROJECT PART 1\DIRECTXSTUFF\DIRECTXSTUFF\RELEASE\TERRAIN.OBJ
C:\USERS\DAVID\DOCUMENTS\GITHUB\3RDYEARPROJECTSTORAGE\DAVID RYAN 3RD YEAR PROJECT PART 1\DIRECTXSTUFF\DIRECTXSTUFF\RELEASE\TERRAINSHADER.OBJ
C:\USERS\DAVID\DOCUMENTS\GITHUB\3RDYEARPROJECTSTORAGE\DAVID RYAN 3RD YEAR PROJECT PART 1\DIRECTXSTUFF\DIRECTXSTUFF\RELEASE\TEXTHANDLER.OBJ
C:\USERS\DAVID\DOCUMENTS\GITHUB\3RDYEARPROJECTSTORAGE\DAVID RYAN 3RD YEAR PROJECT PART 1\DIRECTXSTUFF\DIRECTXSTUFF\RELEASE\TEXTURE.OBJ
C:\USERS\DAVID\DOCUMENTS\GITHUB\3RDYEARPROJECTSTORAGE\DAVID RYAN 3RD YEAR PROJECT PART 1\DIRECTXSTUFF\DIRECTXSTUFF\RELEASE\TEXTURESHADER.OBJ
C:\USERS\DAVID\DOCUMENTS\GITHUB\3RDYEARPROJECTSTORAGE\DAVID RYAN 3RD YEAR PROJECT PART 1\DIRECTXSTUFF\DIRECTXSTUFF\RELEASE\TIMER.OBJ
C:\USERS\DAVID\DOCUMENTS\GITHUB\3RDYEARPROJECTSTORAGE\DAVID RYAN 3RD YEAR PROJECT PART 1\DIRECTXSTUFF\DIRECTXSTUFF\RELEASE\VC100.PDB
C:\USERS\DAVID\DOCUMENTS\GITHUB\3RDYEARPROJECTSTORAGE\DAVID RYAN 3RD YEAR PROJECT PART 1\DIRECTXSTUFF\DIRECTXSTUFF\RELEASE\WATER.OBJ
C:\USERS\DAVID\DOCUMENTS\GITHUB\3RDYEARPROJECTSTORAGE\DAVID RYAN 3RD YEAR PROJECT PART 1\DIRECTXSTUFF\DIRECTXSTUFF\RELEASE\WATERSHADER.OBJ
C:\USERS\DAVID\DOCUMENTS\GITHUB\3RDYEARPROJECTSTORAGE\DAVID RYAN 3RD YEAR PROJECT PART 1\DIRECTXSTUFF\RELEASE\DIRECTXSTUFF.EXE
C:\USERS\DAVID\DOCUMENTS\GITHUB\3RDYEARPROJECTSTORAGE\DAVID RYAN 3RD YEAR PROJECT PART 1\DIRECTXSTUFF\RELEASE\DIRECTXSTUFF.PDB
C:\USERS\DAVID\DOCUMENTS\GITHUB\3RDYEARPROJECTSTORAGE\WATER SCENE NEEDS WFNOWF MOUSEBASEDCAMERA 0.2\DIRECTXSTUFF\DIRECTXSTUFF\RELEASE\APPLICATION.OBJ
C:\USERS\DAVID\DOCUMENTS\GITHUB\3RDYEARPROJECTSTORAGE\WATER SCENE NEEDS WFNOWF MOUSEBASEDCAMERA 0.2\DIRECTXSTUFF\DIRECTXSTUFF\RELEASE\CAMERA.OBJ
C:\USERS\DAVID\DOCUMENTS\GITHUB\3RDYEARPROJECTSTORAGE\WATER SCENE NEEDS WFNOWF MOUSEBASEDCAMERA 0.2\DIRECTXSTUFF\DIRECTXSTUFF\RELEASE\COLORSHADER.OBJ
C:\USERS\DAVID\DOCUMENTS\GITHUB\3RDYEARPROJECTSTORAGE\WATER SCENE NEEDS WFNOWF MOUSEBASEDCAMERA 0.2\DIRECTXSTUFF\DIRECTXSTUFF\RELEASE\CPUQUERY.OBJ
C:\USERS\DAVID\DOCUMENTS\GITHUB\3RDYEARPROJECTSTORAGE\WATER SCENE NEEDS WFNOWF MOUSEBASEDCAMERA 0.2\DIRECTXSTUFF\DIRECTXSTUFF\RELEASE\DIRECT3DHANDLER.OBJ
C:\USERS\DAVID\DOCUMENTS\GITHUB\3RDYEARPROJECTSTORAGE\WATER SCENE NEEDS WFNOWF MOUSEBASEDCAMERA 0.2\DIRECTXSTUFF\DIRECTXSTUFF\RELEASE\DIRECTXSTUFF.EXE.INTERMEDIATE.MANIFEST
C:\USERS\DAVID\DOCUMENTS\GITHUB\3RDYEARPROJECTSTORAGE\WATER SCENE NEEDS WFNOWF MOUSEBASEDCAMERA 0.2\DIRECTXSTUFF\DIRECTXSTUFF\RELEASE\DXMAIN.OBJ
C:\USERS\DAVID\DOCUMENTS\GITHUB\3RDYEARPROJECTSTORAGE\WATER SCENE NEEDS WFNOWF MOUSEBASEDCAMERA 0.2\DIRECTXSTUFF\DIRECTXSTUFF\RELEASE\FONTHANDLER.OBJ
C:\USERS\DAVID\DOCUMENTS\GITHUB\3RDYEARPROJECTSTORAGE\WATER SCENE NEEDS WFNOWF MOUSEBASEDCAMERA 0.2\DIRECTXSTUFF\DIRECTXSTUFF\RELEASE\FONTSHADER.OBJ
C:\USERS\DAVID\DOCUMENTS\GITHUB\3RDYEARPROJECTSTORAGE\WATER SCENE NEEDS WFNOWF MOUSEBASEDCAMERA 0.2\DIRECTXSTUFF\DIRECTXSTUFF\RELEASE\FRAMESPS.OBJ
C:\USERS\DAVID\DOCUMENTS\GITHUB\3RDYEARPROJECTSTORAGE\WATER SCENE NEEDS WFNOWF MOUSEBASEDCAMERA 0.2\DIRECTXSTUFF\DIRECTXSTUFF\RELEASE\FRUSTUM.OBJ
C:\USERS\DAVID\DOCUMENTS\GITHUB\3RDYEARPROJECTSTORAGE\WATER SCENE NEEDS WFNOWF MOUSEBASEDCAMERA 0.2\DIRECTXSTUFF\DIRECTXSTUFF\RELEASE\INPUT.OBJ
C:\USERS\DAVID\DOCUMENTS\GITHUB\3RDYEARPROJECTSTORAGE\WATER SCENE NEEDS WFNOWF MOUSEBASEDCAMERA 0.2\DIRECTXSTUFF\DIRECTXSTUFF\RELEASE\LIGHT.OBJ
C:\USERS\DAVID\DOCUMENTS\GITHUB\3RDYEARPROJECTSTORAGE\WATER SCENE NEEDS WFNOWF MOUSEBASEDCAMERA 0.2\DIRECTXSTUFF\DIRECTXSTUFF\RELEASE\LIGHTSHADER.OBJ
C:\USERS\DAVID\DOCUMENTS\GITHUB\3RDYEARPROJECTSTORAGE\WATER SCENE NEEDS WFNOWF MOUSEBASEDCAMERA 0.2\DIRECTXSTUFF\DIRECTXSTUFF\RELEASE\MODEL.OBJ
C:\USERS\DAVID\DOCUMENTS\GITHUB\3RDYEARPROJECTSTORAGE\WATER SCENE NEEDS WFNOWF MOUSEBASEDCAMERA 0.2\DIRECTXSTUFF\DIRECTXSTUFF\RELEASE\MULTITEXTURESHADER.OBJ
C:\USERS\DAVID\DOCUMENTS\GITHUB\3RDYEARPROJECTSTORAGE\WATER SCENE NEEDS WFNOWF MOUSEBASEDCAMERA 0.2\DIRECTXSTUFF\DIRECTXSTUFF\RELEASE\POSITION.OBJ
C:\USERS\DAVID\DOCUMENTS\GITHUB\3RDYEARPROJECTSTORAGE\WATER SCENE NEEDS WFNOWF MOUSEBASEDCAMERA 0.2\DIRECTXSTUFF\DIRECTXSTUFF\RELEASE\QUADTREE.OBJ
C:\USERS\DAVID\DOCUMENTS\GITHUB\3RDYEARPROJECTSTORAGE\WATER SCENE NEEDS WFNOWF MOUSEBASEDCAMERA 0.2\DIRECTXSTUFF\DIRECTXSTUFF\RELEASE\REFLECTIONSHADER.OBJ
C:\USERS\DAVID\DOCUMENTS\GITHUB\3RDYEARPROJECTSTORAGE\WATER SCENE NEEDS WFNOWF MOUSEBASEDCAMERA 0.2\DIRECTXSTUFF\DIRECTXSTUFF\RELEASE\RENDERTEXTURE.OBJ
C:\USERS\DAVID\DOCUMENTS\GITHUB\3RDYEARPROJECTSTORAGE\WATER SCENE NEEDS WFNOWF MOUSEBASEDCAMERA 0.2\DIRECTXSTUFF\DIRECTXSTUFF\RELEASE\SKYDOME.OBJ
C:\USERS\DAVID\DOCUMENTS\GITHUB\3RDYEARPROJECTSTORAGE\WATER SCENE NEEDS WFNOWF MOUSEBASEDCAMERA 0.2\DIRECTXSTUFF\DIRECTXSTUFF\RELEASE\SKYDOMESHADER.OBJ
C:\USERS\DAVID\DOCUMENTS\GITHUB\3RDYEARPROJECTSTORAGE\WATER SCENE NEEDS WFNOWF MOUSEBASEDCAMERA 0.2\DIRECTXSTUFF\DIRECTXSTUFF\RELEASE\SKYPLANE.OBJ
C:\USERS\DAVID\DOCUMENTS\GITHUB\3RDYEARPROJECTSTORAGE\WATER SCENE NEEDS WFNOWF MOUSEBASEDCAMERA 0.2\DIRECTXSTUFF\DIRECTXSTUFF\RELEASE\SKYPLANESHADER.OBJ
C:\USERS\DAVID\DOCUMENTS\GITHUB\3RDYEARPROJECTSTORAGE\WATER SCENE NEEDS WFNOWF MOUSEBASEDCAMERA 0.2\DIRECTXSTUFF\DIRECTXSTUFF\RELEASE\SYSTEMBACKEND.OBJ
C:\USERS\DAVID\DOCUMENTS\GITHUB\3RDYEARPROJECTSTORAGE\WATER SCENE NEEDS WFNOWF MOUSEBASEDCAMERA 0.2\DIRECTXSTUFF\DIRECTXSTUFF\RELEASE\TERRAIN.OBJ
C:\USERS\DAVID\DOCUMENTS\GITHUB\3RDYEARPROJECTSTORAGE\WATER SCENE NEEDS WFNOWF MOUSEBASEDCAMERA 0.2\DIRECTXSTUFF\DIRECTXSTUFF\RELEASE\TERRAINSHADER.OBJ
C:\USERS\DAVID\DOCUMENTS\GITHUB\3RDYEARPROJECTSTORAGE\WATER SCENE NEEDS WFNOWF MOUSEBASEDCAMERA 0.2\DIRECTXSTUFF\DIRECTXSTUFF\RELEASE\TEXTHANDLER.OBJ
C:\USERS\DAVID\DOCUMENTS\GITHUB\3RDYEARPROJECTSTORAGE\WATER SCENE NEEDS WFNOWF MOUSEBASEDCAMERA 0.2\DIRECTXSTUFF\DIRECTXSTUFF\RELEASE\TEXTURE.OBJ
C:\USERS\DAVID\DOCUMENTS\GITHUB\3RDYEARPROJECTSTORAGE\WATER SCENE NEEDS WFNOWF MOUSEBASEDCAMERA 0.2\DIRECTXSTUFF\DIRECTXSTUFF\RELEASE\TEXTURESHADER.OBJ
C:\USERS\DAVID\DOCUMENTS\GITHUB\3RDYEARPROJECTSTORAGE\WATER SCENE NEEDS WFNOWF MOUSEBASEDCAMERA 0.2\DIRECTXSTUFF\DIRECTXSTUFF\RELEASE\TIMER.OBJ
C:\USERS\DAVID\DOCUMENTS\GITHUB\3RDYEARPROJECTSTORAGE\WATER SCENE NEEDS WFNOWF MOUSEBASEDCAMERA 0.2\DIRECTXSTUFF\DIRECTXSTUFF\RELEASE\VC100.PDB
C:\USERS\DAVID\DOCUMENTS\GITHUB\3RDYEARPROJECTSTORAGE\WATER SCENE NEEDS WFNOWF MOUSEBASEDCAMERA 0.2\DIRECTXSTUFF\DIRECTXSTUFF\RELEASE\WATER.OBJ
C:\USERS\DAVID\DOCUMENTS\GITHUB\3RDYEARPROJECTSTORAGE\WATER SCENE NEEDS WFNOWF MOUSEBASEDCAMERA 0.2\DIRECTXSTUFF\DIRECTXSTUFF\RELEASE\WATERSHADER.OBJ
C:\USERS\DAVID\DOCUMENTS\GITHUB\3RDYEARPROJECTSTORAGE\WATER SCENE NEEDS WFNOWF MOUSEBASEDCAMERA 0.2\DIRECTXSTUFF\RELEASE\DIRECTXSTUFF.EXE
C:\USERS\DAVID\DOCUMENTS\GITHUB\3RDYEARPROJECTSTORAGE\WATER SCENE NEEDS WFNOWF MOUSEBASEDCAMERA 0.2\DIRECTXSTUFF\RELEASE\DIRECTXSTUFF.PDB
C:\USERS\DAVID\DOCUMENTS\SKYDRIVE\3RD YEAR PROJECT\DAVID RYAN 3RD YEAR PROJECT PART 1 - COPY\DIRECTXSTUFF\DIRECTXSTUFF\RELEASE\APPLICATION.OBJ
C:\USERS\DAVID\DOCUMENTS\SKYDRIVE\3RD YEAR PROJECT\DAVID RYAN 3RD YEAR PROJECT PART 1 - COPY\DIRECTXSTUFF\DIRECTXSTUFF\RELEASE\CAMERA.OBJ
C:\USERS\DAVID\DOCUMENTS\SKYDRIVE\3RD YEAR PROJECT\DAVID RYAN 3RD YEAR PROJECT PART 1 - COPY\DIRECTXSTUFF\DIRECTXSTUFF\RELEASE\CPUQUERY.OBJ
C:\USERS\DAVID\DOCUMENTS\SKYDRIVE\3RD YEAR PROJECT\DAVID RYAN 3RD YEAR PROJECT PART 1 - COPY\DIRECTXSTUFF\DIRECTXSTUFF\RELEASE\DIRECT3DHANDLER.OBJ
C:\USERS\DAVID\DOCUMENTS\SKYDRIVE\3RD YEAR PROJECT\DAVID RYAN 3RD YEAR PROJECT PART 1 - COPY\DIRECTXSTUFF\DIRECTXSTUFF\RELEASE\DIRECTXSTUFF.EXE.INTERMEDIATE.MANIFEST
C:\USERS\DAVID\DOCUMENTS\SKYDRIVE\3RD YEAR PROJECT\DAVID RYAN 3RD YEAR PROJECT PART 1 - COPY\DIRECTXSTUFF\DIRECTXSTUFF\RELEASE\DXMAIN.OBJ
C:\USERS\DAVID\DOCUMENTS\SKYDRIVE\3RD YEAR PROJECT\DAVID RYAN 3RD YEAR PROJECT PART 1 - COPY\DIRECTXSTUFF\DIRECTXSTUFF\RELEASE\FONTHANDLER.OBJ
C:\USERS\DAVID\DOCUMENTS\SKYDRIVE\3RD YEAR PROJECT\DAVID RYAN 3RD YEAR PROJECT PART 1 - COPY\DIRECTXSTUFF\DIRECTXSTUFF\RELEASE\FONTSHADER.OBJ
C:\USERS\DAVID\DOCUMENTS\SKYDRIVE\3RD YEAR PROJECT\DAVID RYAN 3RD YEAR PROJECT PART 1 - COPY\DIRECTXSTUFF\DIRECTXSTUFF\RELEASE\FRAMESPS.OBJ
C:\USERS\DAVID\DOCUMENTS\SKYDRIVE\3RD YEAR PROJECT\DAVID RYAN 3RD YEAR PROJECT PART 1 - COPY\DIRECTXSTUFF\DIRECTXSTUFF\RELEASE\INPUT.OBJ
C:\USERS\DAVID\DOCUMENTS\SKYDRIVE\3RD YEAR PROJECT\DAVID RYAN 3RD YEAR PROJECT PART 1 - COPY\DIRECTXSTUFF\DIRECTXSTUFF\RELEASE\LIGHT.OBJ
C:\USERS\DAVID\DOCUMENTS\SKYDRIVE\3RD YEAR PROJECT\DAVID RYAN 3RD YEAR PROJECT PART 1 - COPY\DIRECTXSTUFF\DIRECTXSTUFF\RELEASE\LIGHTSHADER.OBJ
C:\USERS\DAVID\DOCUMENTS\SKYDRIVE\3RD YEAR PROJECT\DAVID RYAN 3RD YEAR PROJECT PART 1 - COPY\DIRECTXSTUFF\DIRECTXSTUFF\RELEASE\MODEL.OBJ
C:\USERS\DAVID\DOCUMENTS\SKYDRIVE\3RD YEAR PROJECT\DAVID RYAN 3RD YEAR PROJECT PART 1 - COPY\DIRECTXSTUFF\DIRECTXSTUFF\RELEASE\POSITION.OBJ
C:\USERS\DAVID\DOCUMENTS\SKYDRIVE\3RD YEAR PROJECT\DAVID RYAN 3RD YEAR PROJECT PART 1 - COPY\DIRECTXSTUFF\DIRECTXSTUFF\RELEASE\REFLECTIONSHADER.OBJ
C:\USERS\DAVID\DOCUMENTS\SKYDRIVE\3RD YEAR PROJECT\DAVID RYAN 3RD YEAR PROJECT PART 1 - COPY\DIRECTXSTUFF\DIRECTXSTUFF\RELEASE\RENDERTEXTURE.OBJ
C:\USERS\DAVID\DOCUMENTS\SKYDRIVE\3RD YEAR PROJECT\DAVID RYAN 3RD YEAR PROJECT PART 1 - COPY\DIRECTXSTUFF\DIRECTXSTUFF\RELEASE\SKYBOX.OBJ
C:\USERS\DAVID\DOCUMENTS\SKYDRIVE\3RD YEAR PROJECT\DAVID RYAN 3RD YEAR PROJECT PART 1 - COPY\DIRECTXSTUFF\DIRECTXSTUFF\RELEASE\SKYBOXSHADER.OBJ
C:\USERS\DAVID\DOCUMENTS\SKYDRIVE\3RD YEAR PROJECT\DAVID RYAN 3RD YEAR PROJECT PART 1 - COPY\DIRECTXSTUFF\DIRECTXSTUFF\RELEASE\SKYPLANE.OBJ
C:\USERS\DAVID\DOCUMENTS\SKYDRIVE\3RD YEAR PROJECT\DAVID RYAN 3RD YEAR PROJECT PART 1 - COPY\DIRECTXSTUFF\DIRECTXSTUFF\RELEASE\SKYPLANESHADER.OBJ
C:\USERS\DAVID\DOCUMENTS\SKYDRIVE\3RD YEAR PROJECT\DAVID RYAN 3RD YEAR PROJECT PART 1 - COPY\DIRECTXSTUFF\DIRECTXSTUFF\RELEASE\SYSTEMBACKEND.OBJ
C:\USERS\DAVID\DOCUMENTS\SKYDRIVE\3RD YEAR PROJECT\DAVID RYAN 3RD YEAR PROJECT PART 1 - COPY\DIRECTXSTUFF\DIRECTXSTUFF\RELEASE\TERRAIN.OBJ
C:\USERS\DAVID\DOCUMENTS\SKYDRIVE\3RD YEAR PROJECT\DAVID RYAN 3RD YEAR PROJECT PART 1 - COPY\DIRECTXSTUFF\DIRECTXSTUFF\RELEASE\TERRAINSHADER.OBJ
C:\USERS\DAVID\DOCUMENTS\SKYDRIVE\3RD YEAR PROJECT\DAVID RYAN 3RD YEAR PROJECT PART 1 - COPY\DIRECTXSTUFF\DIRECTXSTUFF\RELEASE\TEXTHANDLER.OBJ
C:\USERS\DAVID\DOCUMENTS\SKYDRIVE\3RD YEAR PROJECT\DAVID RYAN 3RD YEAR PROJECT PART 1 - COPY\DIRECTXSTUFF\DIRECTXSTUFF\RELEASE\TEXTURE.OBJ
C:\USERS\DAVID\DOCUMENTS\SKYDRIVE\3RD YEAR PROJECT\DAVID RYAN 3RD YEAR PROJECT PART 1 - COPY\DIRECTXSTUFF\DIRECTXSTUFF\RELEASE\TEXTURESHADER.OBJ
C:\USERS\DAVID\DOCUMENTS\SKYDRIVE\3RD YEAR PROJECT\DAVID RYAN 3RD YEAR PROJECT PART 1 - COPY\DIRECTXSTUFF\DIRECTXSTUFF\RELEASE\TIMER.OBJ
C:\USERS\DAVID\DOCUMENTS\SKYDRIVE\3RD YEAR PROJECT\DAVID RYAN 3RD YEAR PROJECT PART 1 - COPY\DIRECTXSTUFF\DIRECTXSTUFF\RELEASE\VC100.PDB
C:\USERS\DAVID\DOCUMENTS\SKYDRIVE\3RD YEAR PROJECT\DAVID RYAN 3RD YEAR PROJECT PART 1 - COPY\DIRECTXSTUFF\DIRECTXSTUFF\RELEASE\WATER.OBJ
C:\USERS\DAVID\DOCUMENTS\SKYDRIVE\3RD YEAR PROJECT\DAVID RYAN 3RD YEAR PROJECT PART 1 - COPY\DIRECTXSTUFF\DIRECTXSTUFF\RELEASE\WATERSHADER.OBJ
C:\USERS\DAVID\DOCUMENTS\SKYDRIVE\3RD YEAR PROJECT\DAVID RYAN 3RD YEAR PROJECT PART 1 - COPY\DIRECTXSTUFF\RELEASE\DIRECTXSTUFF.EXE
C:\USERS\DAVID\DOCUMENTS\SKYDRIVE\3RD YEAR PROJECT\DAVID RYAN 3RD YEAR PROJECT PART 1 - COPY\DIRECTXSTUFF\RELEASE\DIRECTXSTUFF.PDB
C:\USERS\DAVID\DOCUMENTS\SKYDRIVE\3RD YEAR PROJECT\DAVID RYAN 3RD YEAR PROJECT PART 1\DIRECTXSTUFF\DIRECTXSTUFF\RELEASE\APPLICATION.OBJ
C:\USERS\DAVID\DOCUMENTS\SKYDRIVE\3RD YEAR PROJECT\DAVID RYAN 3RD YEAR PROJECT PART 1\DIRECTXSTUFF\DIRECTXSTUFF\RELEASE\CAMERA.OBJ
C:\Users\David\Documents\Skydrive\3rd Year Project\DAVID RYAN 3rd Year Project Part 1\DirectXStuff\DirectXStuff\Release\cl.command.1.tlog
C:\Users\David\Documents\Skydrive\3rd Year Project\DAVID RYAN 3rd Year Project Part 1\DirectXStuff\DirectXStuff\Release\CL.read.1.tlog
C:\Users\David\Documents\Skydrive\3rd Year Project\DAVID RYAN 3rd Year Project Part 1\DirectXStuff\DirectXStuff\Release\CL.write.1.tlog
C:\USERS\DAVID\DOCUMENTS\SKYDRIVE\3RD YEAR PROJECT\DAVID RYAN 3RD YEAR PROJECT PART 1\DIRECTXSTUFF\DIRECTXSTUFF\RELEASE\COLORSHADER.OBJ
C:\USERS\DAVID\DOCUMENTS\SKYDRIVE\3RD YEAR PROJECT\DAVID RYAN 3RD YEAR PROJECT PART 1\DIRECTXSTUFF\DIRECTXSTUFF\RELEASE\CPUQUERY.OBJ
C:\USERS\DAVID\DOCUMENTS\SKYDRIVE\3RD YEAR PROJECT\DAVID RYAN 3RD YEAR PROJECT PART 1\DIRECTXSTUFF\DIRECTXSTUFF\RELEASE\DIRECT3DHANDLER.OBJ
C:\USERS\DAVID\DOCUMENTS\SKYDRIVE\3RD YEAR PROJECT\DAVID RYAN 3RD YEAR PROJECT PART 1\DIRECTXSTUFF\DIRECTXSTUFF\RELEASE\DIRECTXSTUFF.EXE.INTERMEDIATE.MANIFEST
C:\USERS\DAVID\DOCUMENTS\SKYDRIVE\3RD YEAR PROJECT\DAVID RYAN 3RD YEAR PROJECT PART 1\DIRECTXSTUFF\DIRECTXSTUFF\RELEASE\DXMAIN.OBJ
C:\USERS\DAVID\DOCUMENTS\SKYDRIVE\3RD YEAR PROJECT\DAVID RYAN 3RD YEAR PROJECT PART 1\DIRECTXSTUFF\DIRECTXSTUFF\RELEASE\FONTHANDLER.OBJ
C:\USERS\DAVID\DOCUMENTS\SKYDRIVE\3RD YEAR PROJECT\DAVID RYAN 3RD YEAR PROJECT PART 1\DIRECTXSTUFF\DIRECTXSTUFF\RELEASE\FONTSHADER.OBJ
C:\USERS\DAVID\DOCUMENTS\SKYDRIVE\3RD YEAR PROJECT\DAVID RYAN 3RD YEAR PROJECT PART 1\DIRECTXSTUFF\DIRECTXSTUFF\RELEASE\FRAMESPS.OBJ
C:\Users\David\Documents\Skydrive\3rd Year Project\DAVID RYAN 3rd Year Project Part 1\DirectXStuff\DirectXStuff\Release\Frustum.obj
C:\USERS\DAVID\DOCUMENTS\SKYDRIVE\3RD YEAR PROJECT\DAVID RYAN 3RD YEAR PROJECT PART 1\DIRECTXSTUFF\DIRECTXSTUFF\RELEASE\INPUT.OBJ
C:\USERS\DAVID\DOCUMENTS\SKYDRIVE\3RD YEAR PROJECT\DAVID RYAN 3RD YEAR PROJECT PART 1\DIRECTXSTUFF\DIRECTXSTUFF\RELEASE\LIGHT.OBJ
C:\USERS\DAVID\DOCUMENTS\SKYDRIVE\3RD YEAR PROJECT\DAVID RYAN 3RD YEAR PROJECT PART 1\DIRECTXSTUFF\DIRECTXSTUFF\RELEASE\LIGHTSHADER.OBJ
C:\Users\David\Documents\Skydrive\3rd Year Project\DAVID RYAN 3rd Year Project Part 1\DirectXStuff\DirectXStuff\Release\link.command.1.tlog
C:\Users\David\Documents\Skydrive\3rd Year Project\DAVID RYAN 3rd Year Project Part 1\DirectXStuff\DirectXStuff\Release\link.read.1.tlog
C:\Users\David\Documents\Skydrive\3rd Year Project\DAVID RYAN 3rd Year Project Part 1\DirectXStuff\DirectXStuff\Release\link.write.1.tlog
C:\USERS\DAVID\DOCUMENTS\SKYDRIVE\3RD YEAR PROJECT\DAVID RYAN 3RD YEAR PROJECT PART 1\DIRECTXSTUFF\DIRECTXSTUFF\RELEASE\MODEL.OBJ
C:\Users\David\Documents\Skydrive\3rd Year Project\DAVID RYAN 3rd Year Project Part 1\DirectXStuff\DirectXStuff\Release\mt.command.1.tlog
C:\Users\David\Documents\Skydrive\3rd Year Project\DAVID RYAN 3rd Year Project Part 1\DirectXStuff\DirectXStuff\Release\mt.read.1.tlog
C:\Users\David\Documents\Skydrive\3rd Year Project\DAVID RYAN 3rd Year Project Part 1\DirectXStuff\DirectXStuff\Release\mt.write.1.tlog
C:\Users\David\Documents\Skydrive\3rd Year Project\DAVID RYAN 3rd Year Project Part 1\DirectXStuff\DirectXStuff\Release\MultiTextureShader.obj
C:\USERS\DAVID\DOCUMENTS\SKYDRIVE\3RD YEAR PROJECT\DAVID RYAN 3RD YEAR PROJECT PART 1\DIRECTXSTUFF\DIRECTXSTUFF\RELEASE\POSITION.OBJ
C:\Users\David\Documents\Skydrive\3rd Year Project\DAVID RYAN 3rd Year Project Part 1\DirectXStuff\DirectXStuff\Release\QuadTree.obj
C:\USERS\DAVID\DOCUMENTS\SKYDRIVE\3RD YEAR PROJECT\DAVID RYAN 3RD YEAR PROJECT PART 1\DIRECTXSTUFF\DIRECTXSTUFF\RELEASE\REFLECTIONSHADER.OBJ
C:\USERS\DAVID\DOCUMENTS\SKYDRIVE\3RD YEAR PROJECT\DAVID RYAN 3RD YEAR PROJECT PART 1\DIRECTXSTUFF\DIRECTXSTUFF\RELEASE\RENDERTEXTURE.OBJ
C:\USERS\DAVID\DOCUMENTS\SKYDRIVE\3RD YEAR PROJECT\DAVID RYAN 3RD YEAR PROJECT PART 1\DIRECTXSTUFF\DIRECTXSTUFF\RELEASE\SKYBOX.OBJ
C:\USERS\DAVID\DOCUMENTS\SKYDRIVE\3RD YEAR PROJECT\DAVID RYAN 3RD YEAR PROJECT PART 1\DIRECTXSTUFF\DIRECTXSTUFF\RELEASE\SKYBOXSHADER.OBJ
C:\USERS\DAVID\DOCUMENTS\SKYDRIVE\3RD YEAR PROJECT\DAVID RYAN 3RD YEAR PROJECT PART 1\DIRECTXSTUFF\DIRECTXSTUFF\RELEASE\SKYDOME.OBJ
C:\USERS\DAVID\DOCUMENTS\SKYDRIVE\3RD YEAR PROJECT\DAVID RYAN 3RD YEAR PROJECT PART 1\DIRECTXSTUFF\DIRECTXSTUFF\RELEASE\SKYDOMESHADER.OBJ
C:\USERS\DAVID\DOCUMENTS\SKYDRIVE\3RD YEAR PROJECT\DAVID RYAN 3RD YEAR PROJECT PART 1\DIRECTXSTUFF\DIRECTXSTUFF\RELEASE\SKYPLANE.OBJ
C:\USERS\DAVID\DOCUMENTS\SKYDRIVE\3RD YEAR PROJECT\DAVID RYAN 3RD YEAR PROJECT PART 1\DIRECTXSTUFF\DIRECTXSTUFF\RELEASE\SKYPLANESHADER.OBJ
C:\USERS\DAVID\DOCUMENTS\SKYDRIVE\3RD YEAR PROJECT\DAVID RYAN 3RD YEAR PROJECT PART 1\DIRECTXSTUFF\DIRECTXSTUFF\RELEASE\SYSTEMBACKEND.OBJ
C:\USERS\DAVID\DOCUMENTS\SKYDRIVE\3RD YEAR PROJECT\DAVID RYAN 3RD YEAR PROJECT PART 1\DIRECTXSTUFF\DIRECTXSTUFF\RELEASE\TERRAIN.OBJ
C:\USERS\DAVID\DOCUMENTS\SKYDRIVE\3RD YEAR PROJECT\DAVID RYAN 3RD YEAR PROJECT PART 1\DIRECTXSTUFF\DIRECTXSTUFF\RELEASE\TERRAINSHADER.OBJ
C:\USERS\DAVID\DOCUMENTS\SKYDRIVE\3RD YEAR PROJECT\DAVID RYAN 3RD YEAR PROJECT PART 1\DIRECTXSTUFF\DIRECTXSTUFF\RELEASE\TEXTHANDLER.OBJ
C:\USERS\DAVID\DOCUMENTS\SKYDRIVE\3RD YEAR PROJECT\DAVID RYAN 3RD YEAR PROJECT PART 1\DIRECTXSTUFF\DIRECTXSTUFF\RELEASE\TEXTURE.OBJ
C:\USERS\DAVID\DOCUMENTS\SKYDRIVE\3RD YEAR PROJECT\DAVID RYAN 3RD YEAR PROJECT PART 1\DIRECTXSTUFF\DIRECTXSTUFF\RELEASE\TEXTURESHADER.OBJ
C:\USERS\DAVID\DOCUMENTS\SKYDRIVE\3RD YEAR PROJECT\DAVID RYAN 3RD YEAR PROJECT PART 1\DIRECTXSTUFF\DIRECTXSTUFF\RELEASE\TIMER.OBJ
C:\USERS\DAVID\DOCUMENTS\SKYDRIVE\3RD YEAR PROJECT\DAVID RYAN 3RD YEAR PROJECT PART 1\DIRECTXSTUFF\DIRECTXSTUFF\RELEASE\VC100.PDB
C:\USERS\DAVID\DOCUMENTS\SKYDRIVE\3RD YEAR PROJECT\DAVID RYAN 3RD YEAR PROJECT PART 1\DIRECTXSTUFF\DIRECTXSTUFF\RELEASE\WATER.OBJ
C:\USERS\DAVID\DOCUMENTS\SKYDRIVE\3RD YEAR PROJECT\DAVID RYAN 3RD YEAR PROJECT PART 1\DIRECTXSTUFF\DIRECTXSTUFF\RELEASE\WATERSHADER.OBJ
C:\USERS\DAVID\DOCUMENTS\SKYDRIVE\3RD YEAR PROJECT\DAVID RYAN 3RD YEAR PROJECT PART 1\DIRECTXSTUFF\RELEASE\DIRECTXSTUFF.EXE
C:\USERS\DAVID\DOCUMENTS\SKYDRIVE\3RD YEAR PROJECT\DAVID RYAN 3RD YEAR PROJECT PART 1\DIRECTXSTUFF\RELEASE\DIRECTXSTUFF.PDB
