C:\USERS\DAVID\DOCUMENTS\GITHUB\3RDYEARPROJECTSTORAGE\TERRAIN SCENE WITH SKYBOX\DIRECTXSTUFF\DEBUG\DIRECTXSTUFF.EXE
C:\USERS\DAVID\DOCUMENTS\GITHUB\3RDYEARPROJECTSTORAGE\TERRAIN SCENE WITH SKYBOX\DIRECTXSTUFF\DEBUG\DIRECTXSTUFF.PDB
C:\USERS\DAVID\DOCUMENTS\GITHUB\3RDYEARPROJECTSTORAGE\TERRAIN SCENE WITH SKYBOX\DIRECTXSTUFF\DIRECTXSTUFF\DEBUG\APPLICATION.OBJ
C:\USERS\DAVID\DOCUMENTS\GITHUB\3RDYEARPROJECTSTORAGE\TERRAIN SCENE WITH SKYBOX\DIRECTXSTUFF\DIRECTXSTUFF\DEBUG\CAMERA.OBJ
C:\USERS\DAVID\DOCUMENTS\GITHUB\3RDYEARPROJECTSTORAGE\TERRAIN SCENE WITH SKYBOX\DIRECTXSTUFF\DIRECTXSTUFF\DEBUG\COLORSHADER.OBJ
C:\USERS\DAVID\DOCUMENTS\GITHUB\3RDYEARPROJECTSTORAGE\TERRAIN SCENE WITH SKYBOX\DIRECTXSTUFF\DIRECTXSTUFF\DEBUG\CPUQUERY.OBJ
C:\USERS\DAVID\DOCUMENTS\GITHUB\3RDYEARPROJECTSTORAGE\TERRAIN SCENE WITH SKYBOX\DIRECTXSTUFF\DIRECTXSTUFF\DEBUG\DIRECT3DHANDLER.OBJ
C:\USERS\DAVID\DOCUMENTS\GITHUB\3RDYEARPROJECTSTORAGE\TERRAIN SCENE WITH SKYBOX\DIRECTXSTUFF\DIRECTXSTUFF\DEBUG\DIRECTXSTUFF.EXE.INTERMEDIATE.MANIFEST
C:\USERS\DAVID\DOCUMENTS\GITHUB\3RDYEARPROJECTSTORAGE\TERRAIN SCENE WITH SKYBOX\DIRECTXSTUFF\DIRECTXSTUFF\DEBUG\DXMAIN.OBJ
C:\USERS\DAVID\DOCUMENTS\GITHUB\3RDYEARPROJECTSTORAGE\TERRAIN SCENE WITH SKYBOX\DIRECTXSTUFF\DIRECTXSTUFF\DEBUG\FONTHANDLER.OBJ
C:\USERS\DAVID\DOCUMENTS\GITHUB\3RDYEARPROJECTSTORAGE\TERRAIN SCENE WITH SKYBOX\DIRECTXSTUFF\DIRECTXSTUFF\DEBUG\FONTSHADER.OBJ
C:\USERS\DAVID\DOCUMENTS\GITHUB\3RDYEARPROJECTSTORAGE\TERRAIN SCENE WITH SKYBOX\DIRECTXSTUFF\DIRECTXSTUFF\DEBUG\FRAMESPS.OBJ
C:\USERS\DAVID\DOCUMENTS\GITHUB\3RDYEARPROJECTSTORAGE\TERRAIN SCENE WITH SKYBOX\DIRECTXSTUFF\DIRECTXSTUFF\DEBUG\FRUSTUM.OBJ
C:\USERS\DAVID\DOCUMENTS\GITHUB\3RDYEARPROJECTSTORAGE\TERRAIN SCENE WITH SKYBOX\DIRECTXSTUFF\DIRECTXSTUFF\DEBUG\INPUT.OBJ
C:\USERS\DAVID\DOCUMENTS\GITHUB\3RDYEARPROJECTSTORAGE\TERRAIN SCENE WITH SKYBOX\DIRECTXSTUFF\DIRECTXSTUFF\DEBUG\LIGHT.OBJ
C:\USERS\DAVID\DOCUMENTS\GITHUB\3RDYEARPROJECTSTORAGE\TERRAIN SCENE WITH SKYBOX\DIRECTXSTUFF\DIRECTXSTUFF\DEBUG\LIGHTSHADER.OBJ
C:\USERS\DAVID\DOCUMENTS\GITHUB\3RDYEARPROJECTSTORAGE\TERRAIN SCENE WITH SKYBOX\DIRECTXSTUFF\DIRECTXSTUFF\DEBUG\MODEL.OBJ
C:\USERS\DAVID\DOCUMENTS\GITHUB\3RDYEARPROJECTSTORAGE\TERRAIN SCENE WITH SKYBOX\DIRECTXSTUFF\DIRECTXSTUFF\DEBUG\MULTITEXTURESHADER.OBJ
C:\USERS\DAVID\DOCUMENTS\GITHUB\3RDYEARPROJECTSTORAGE\TERRAIN SCENE WITH SKYBOX\DIRECTXSTUFF\DIRECTXSTUFF\DEBUG\POSITION.OBJ
C:\USERS\DAVID\DOCUMENTS\GITHUB\3RDYEARPROJECTSTORAGE\TERRAIN SCENE WITH SKYBOX\DIRECTXSTUFF\DIRECTXSTUFF\DEBUG\QUADTREE.OBJ
C:\USERS\DAVID\DOCUMENTS\GITHUB\3RDYEARPROJECTSTORAGE\TERRAIN SCENE WITH SKYBOX\DIRECTXSTUFF\DIRECTXSTUFF\DEBUG\REFLECTIONSHADER.OBJ
C:\USERS\DAVID\DOCUMENTS\GITHUB\3RDYEARPROJECTSTORAGE\TERRAIN SCENE WITH SKYBOX\DIRECTXSTUFF\DIRECTXSTUFF\DEBUG\RENDERTEXTURE.OBJ
C:\USERS\DAVID\DOCUMENTS\GITHUB\3RDYEARPROJECTSTORAGE\TERRAIN SCENE WITH SKYBOX\DIRECTXSTUFF\DIRECTXSTUFF\DEBUG\SKYDOME.OBJ
C:\USERS\DAVID\DOCUMENTS\GITHUB\3RDYEARPROJECTSTORAGE\TERRAIN SCENE WITH SKYBOX\DIRECTXSTUFF\DIRECTXSTUFF\DEBUG\SKYDOMESHADER.OBJ
C:\USERS\DAVID\DOCUMENTS\GITHUB\3RDYEARPROJECTSTORAGE\TERRAIN SCENE WITH SKYBOX\DIRECTXSTUFF\DIRECTXSTUFF\DEBUG\SKYPLANE.OBJ
C:\USERS\DAVID\DOCUMENTS\GITHUB\3RDYEARPROJECTSTORAGE\TERRAIN SCENE WITH SKYBOX\DIRECTXSTUFF\DIRECTXSTUFF\DEBUG\SKYPLANESHADER.OBJ
C:\USERS\DAVID\DOCUMENTS\GITHUB\3RDYEARPROJECTSTORAGE\TERRAIN SCENE WITH SKYBOX\DIRECTXSTUFF\DIRECTXSTUFF\DEBUG\SYSTEMBACKEND.OBJ
C:\USERS\DAVID\DOCUMENTS\GITHUB\3RDYEARPROJECTSTORAGE\TERRAIN SCENE WITH SKYBOX\DIRECTXSTUFF\DIRECTXSTUFF\DEBUG\TERRAIN.OBJ
C:\USERS\DAVID\DOCUMENTS\GITHUB\3RDYEARPROJECTSTORAGE\TERRAIN SCENE WITH SKYBOX\DIRECTXSTUFF\DIRECTXSTUFF\DEBUG\TERRAINSHADER.OBJ
C:\USERS\DAVID\DOCUMENTS\GITHUB\3RDYEARPROJECTSTORAGE\TERRAIN SCENE WITH SKYBOX\DIRECTXSTUFF\DIRECTXSTUFF\DEBUG\TEXTHANDLER.OBJ
C:\USERS\DAVID\DOCUMENTS\GITHUB\3RDYEARPROJECTSTORAGE\TERRAIN SCENE WITH SKYBOX\DIRECTXSTUFF\DIRECTXSTUFF\DEBUG\TEXTURE.OBJ
C:\USERS\DAVID\DOCUMENTS\GITHUB\3RDYEARPROJECTSTORAGE\TERRAIN SCENE WITH SKYBOX\DIRECTXSTUFF\DIRECTXSTUFF\DEBUG\TEXTURESHADER.OBJ
C:\USERS\DAVID\DOCUMENTS\GITHUB\3RDYEARPROJECTSTORAGE\TERRAIN SCENE WITH SKYBOX\DIRECTXSTUFF\DIRECTXSTUFF\DEBUG\TIMER.OBJ
C:\USERS\DAVID\DOCUMENTS\GITHUB\3RDYEARPROJECTSTORAGE\TERRAIN SCENE WITH SKYBOX\DIRECTXSTUFF\DIRECTXSTUFF\DEBUG\VC100.PDB
C:\USERS\DAVID\DOCUMENTS\GITHUB\3RDYEARPROJECTSTORAGE\TERRAIN SCENE WITH SKYBOX\DIRECTXSTUFF\DIRECTXSTUFF\DEBUG\WATER.OBJ
C:\USERS\DAVID\DOCUMENTS\GITHUB\3RDYEARPROJECTSTORAGE\TERRAIN SCENE WITH SKYBOX\DIRECTXSTUFF\DIRECTXSTUFF\DEBUG\WATERSHADER.OBJ
C:\Users\David\Documents\Skydrive\3rd Year Project\David Ryan 3rd Year Project Part 2\DirectXStuff\Debug\DirectXStuff.exe
C:\Users\David\Documents\Skydrive\3rd Year Project\David Ryan 3rd Year Project Part 2\DirectXStuff\Debug\DirectXStuff.pdb
C:\Users\David\Documents\Skydrive\3rd Year Project\David Ryan 3rd Year Project Part 2\DirectXStuff\DirectXStuff\Debug\Application.obj
C:\Users\David\Documents\Skydrive\3rd Year Project\David Ryan 3rd Year Project Part 2\DirectXStuff\DirectXStuff\Debug\Camera.obj
C:\Users\David\Documents\Skydrive\3rd Year Project\David Ryan 3rd Year Project Part 2\DirectXStuff\DirectXStuff\Debug\cl.command.1.tlog
C:\Users\David\Documents\Skydrive\3rd Year Project\David Ryan 3rd Year Project Part 2\DirectXStuff\DirectXStuff\Debug\CL.read.1.tlog
C:\Users\David\Documents\Skydrive\3rd Year Project\David Ryan 3rd Year Project Part 2\DirectXStuff\DirectXStuff\Debug\CL.write.1.tlog
C:\Users\David\Documents\Skydrive\3rd Year Project\David Ryan 3rd Year Project Part 2\DirectXStuff\DirectXStuff\Debug\ColorShader.obj
C:\Users\David\Documents\Skydrive\3rd Year Project\David Ryan 3rd Year Project Part 2\DirectXStuff\DirectXStuff\Debug\CPUQuery.obj
C:\Users\David\Documents\Skydrive\3rd Year Project\David Ryan 3rd Year Project Part 2\DirectXStuff\DirectXStuff\Debug\Direct3DHandler.obj
C:\Users\David\Documents\Skydrive\3rd Year Project\David Ryan 3rd Year Project Part 2\DirectXStuff\DirectXStuff\Debug\DirectXStuff.exe.intermediate.manifest
C:\Users\David\Documents\Skydrive\3rd Year Project\David Ryan 3rd Year Project Part 2\DirectXStuff\DirectXStuff\Debug\DXMain.obj
C:\Users\David\Documents\Skydrive\3rd Year Project\David Ryan 3rd Year Project Part 2\DirectXStuff\DirectXStuff\Debug\FontHandler.obj
C:\Users\David\Documents\Skydrive\3rd Year Project\David Ryan 3rd Year Project Part 2\DirectXStuff\DirectXStuff\Debug\FontShader.obj
C:\Users\David\Documents\Skydrive\3rd Year Project\David Ryan 3rd Year Project Part 2\DirectXStuff\DirectXStuff\Debug\FramesPS.obj
C:\Users\David\Documents\Skydrive\3rd Year Project\David Ryan 3rd Year Project Part 2\DirectXStuff\DirectXStuff\Debug\Frustum.obj
C:\Users\David\Documents\Skydrive\3rd Year Project\David Ryan 3rd Year Project Part 2\DirectXStuff\DirectXStuff\Debug\Input.obj
C:\Users\David\Documents\Skydrive\3rd Year Project\David Ryan 3rd Year Project Part 2\DirectXStuff\DirectXStuff\Debug\Light.obj
C:\Users\David\Documents\Skydrive\3rd Year Project\David Ryan 3rd Year Project Part 2\DirectXStuff\DirectXStuff\Debug\LightShader.obj
C:\Users\David\Documents\Skydrive\3rd Year Project\David Ryan 3rd Year Project Part 2\DirectXStuff\DirectXStuff\Debug\link.command.1.tlog
C:\Users\David\Documents\Skydrive\3rd Year Project\David Ryan 3rd Year Project Part 2\DirectXStuff\DirectXStuff\Debug\link.read.1.tlog
C:\Users\David\Documents\Skydrive\3rd Year Project\David Ryan 3rd Year Project Part 2\DirectXStuff\DirectXStuff\Debug\link.write.1.tlog
C:\Users\David\Documents\Skydrive\3rd Year Project\David Ryan 3rd Year Project Part 2\DirectXStuff\DirectXStuff\Debug\Model.obj
C:\Users\David\Documents\Skydrive\3rd Year Project\David Ryan 3rd Year Project Part 2\DirectXStuff\DirectXStuff\Debug\mt.command.1.tlog
C:\Users\David\Documents\Skydrive\3rd Year Project\David Ryan 3rd Year Project Part 2\DirectXStuff\DirectXStuff\Debug\mt.read.1.tlog
C:\Users\David\Documents\Skydrive\3rd Year Project\David Ryan 3rd Year Project Part 2\DirectXStuff\DirectXStuff\Debug\mt.write.1.tlog
C:\Users\David\Documents\Skydrive\3rd Year Project\David Ryan 3rd Year Project Part 2\DirectXStuff\DirectXStuff\Debug\MultiTextureShader.obj
C:\Users\David\Documents\Skydrive\3rd Year Project\David Ryan 3rd Year Project Part 2\DirectXStuff\DirectXStuff\Debug\Position.obj
C:\Users\David\Documents\Skydrive\3rd Year Project\David Ryan 3rd Year Project Part 2\DirectXStuff\DirectXStuff\Debug\QuadTree.obj
C:\Users\David\Documents\Skydrive\3rd Year Project\David Ryan 3rd Year Project Part 2\DirectXStuff\DirectXStuff\Debug\ReflectionShader.obj
C:\Users\David\Documents\Skydrive\3rd Year Project\David Ryan 3rd Year Project Part 2\DirectXStuff\DirectXStuff\Debug\RenderTexture.obj
C:\Users\David\Documents\Skydrive\3rd Year Project\David Ryan 3rd Year Project Part 2\DirectXStuff\DirectXStuff\Debug\SkyDome.obj
C:\Users\David\Documents\Skydrive\3rd Year Project\David Ryan 3rd Year Project Part 2\DirectXStuff\DirectXStuff\Debug\SkyDomeShader.obj
C:\Users\David\Documents\Skydrive\3rd Year Project\David Ryan 3rd Year Project Part 2\DirectXStuff\DirectXStuff\Debug\Skyplane.obj
C:\Users\David\Documents\Skydrive\3rd Year Project\David Ryan 3rd Year Project Part 2\DirectXStuff\DirectXStuff\Debug\SkyplaneShader.obj
C:\Users\David\Documents\Skydrive\3rd Year Project\David Ryan 3rd Year Project Part 2\DirectXStuff\DirectXStuff\Debug\SystemBackend.obj
C:\Users\David\Documents\Skydrive\3rd Year Project\David Ryan 3rd Year Project Part 2\DirectXStuff\DirectXStuff\Debug\Terrain.obj
C:\Users\David\Documents\Skydrive\3rd Year Project\David Ryan 3rd Year Project Part 2\DirectXStuff\DirectXStuff\Debug\TerrainShader.obj
C:\Users\David\Documents\Skydrive\3rd Year Project\David Ryan 3rd Year Project Part 2\DirectXStuff\DirectXStuff\Debug\TextHandler.obj
C:\Users\David\Documents\Skydrive\3rd Year Project\David Ryan 3rd Year Project Part 2\DirectXStuff\DirectXStuff\Debug\Texture.obj
C:\Users\David\Documents\Skydrive\3rd Year Project\David Ryan 3rd Year Project Part 2\DirectXStuff\DirectXStuff\Debug\TextureShader.obj
C:\Users\David\Documents\Skydrive\3rd Year Project\David Ryan 3rd Year Project Part 2\DirectXStuff\DirectXStuff\Debug\Timer.obj
C:\Users\David\Documents\Skydrive\3rd Year Project\David Ryan 3rd Year Project Part 2\DirectXStuff\DirectXStuff\Debug\vc100.idb
C:\Users\David\Documents\Skydrive\3rd Year Project\David Ryan 3rd Year Project Part 2\DirectXStuff\DirectXStuff\Debug\vc100.pdb
C:\Users\David\Documents\Skydrive\3rd Year Project\David Ryan 3rd Year Project Part 2\DirectXStuff\DirectXStuff\Debug\Water.obj
C:\Users\David\Documents\Skydrive\3rd Year Project\David Ryan 3rd Year Project Part 2\DirectXStuff\DirectXStuff\Debug\WaterShader.obj
