C:\USERS\DAVID\DOCUMENTS\GITHUB\3RDYEARPROJECTSTORAGE\DAVID RYAN 3RD YEAR PROKECT PART 3\DIRECTXSTUFF\DIRECTXSTUFF\RELEASE\APPLICATION.OBJ
C:\USERS\DAVID\DOCUMENTS\GITHUB\3RDYEARPROJECTSTORAGE\DAVID RYAN 3RD YEAR PROKECT PART 3\DIRECTXSTUFF\DIRECTXSTUFF\RELEASE\CAMERA.OBJ
C:\Users\David\Documents\GitHub\3rdYearProjectStorage\David RYAN 3rd Year Prokect Part 3\DirectXStuff\DirectXStuff\Release\cl.command.1.tlog
C:\Users\David\Documents\GitHub\3rdYearProjectStorage\David RYAN 3rd Year Prokect Part 3\DirectXStuff\DirectXStuff\Release\CL.read.1.tlog
C:\Users\David\Documents\GitHub\3rdYearProjectStorage\David RYAN 3rd Year Prokect Part 3\DirectXStuff\DirectXStuff\Release\CL.write.1.tlog
C:\USERS\DAVID\DOCUMENTS\GITHUB\3RDYEARPROJECTSTORAGE\DAVID RYAN 3RD YEAR PROKECT PART 3\DIRECTXSTUFF\DIRECTXSTUFF\RELEASE\COLORSHADER.OBJ
C:\USERS\DAVID\DOCUMENTS\GITHUB\3RDYEARPROJECTSTORAGE\DAVID RYAN 3RD YEAR PROKECT PART 3\DIRECTXSTUFF\DIRECTXSTUFF\RELEASE\CPUQUERY.OBJ
C:\USERS\DAVID\DOCUMENTS\GITHUB\3RDYEARPROJECTSTORAGE\DAVID RYAN 3RD YEAR PROKECT PART 3\DIRECTXSTUFF\DIRECTXSTUFF\RELEASE\DIRECT3DHANDLER.OBJ
C:\USERS\DAVID\DOCUMENTS\GITHUB\3RDYEARPROJECTSTORAGE\DAVID RYAN 3RD YEAR PROKECT PART 3\DIRECTXSTUFF\DIRECTXSTUFF\RELEASE\DIRECTXSTUFF.EXE.INTERMEDIATE.MANIFEST
C:\USERS\DAVID\DOCUMENTS\GITHUB\3RDYEARPROJECTSTORAGE\DAVID RYAN 3RD YEAR PROKECT PART 3\DIRECTXSTUFF\DIRECTXSTUFF\RELEASE\DXMAIN.OBJ
C:\USERS\DAVID\DOCUMENTS\GITHUB\3RDYEARPROJECTSTORAGE\DAVID RYAN 3RD YEAR PROKECT PART 3\DIRECTXSTUFF\DIRECTXSTUFF\RELEASE\FONTHANDLER.OBJ
C:\USERS\DAVID\DOCUMENTS\GITHUB\3RDYEARPROJECTSTORAGE\DAVID RYAN 3RD YEAR PROKECT PART 3\DIRECTXSTUFF\DIRECTXSTUFF\RELEASE\FONTSHADER.OBJ
C:\USERS\DAVID\DOCUMENTS\GITHUB\3RDYEARPROJECTSTORAGE\DAVID RYAN 3RD YEAR PROKECT PART 3\DIRECTXSTUFF\DIRECTXSTUFF\RELEASE\FRAMESPS.OBJ
C:\USERS\DAVID\DOCUMENTS\GITHUB\3RDYEARPROJECTSTORAGE\DAVID RYAN 3RD YEAR PROKECT PART 3\DIRECTXSTUFF\DIRECTXSTUFF\RELEASE\FRUSTUM.OBJ
C:\USERS\DAVID\DOCUMENTS\GITHUB\3RDYEARPROJECTSTORAGE\DAVID RYAN 3RD YEAR PROKECT PART 3\DIRECTXSTUFF\DIRECTXSTUFF\RELEASE\HUD.OBJ
C:\USERS\DAVID\DOCUMENTS\GITHUB\3RDYEARPROJECTSTORAGE\DAVID RYAN 3RD YEAR PROKECT PART 3\DIRECTXSTUFF\DIRECTXSTUFF\RELEASE\INPUT.OBJ
C:\USERS\DAVID\DOCUMENTS\GITHUB\3RDYEARPROJECTSTORAGE\DAVID RYAN 3RD YEAR PROKECT PART 3\DIRECTXSTUFF\DIRECTXSTUFF\RELEASE\LIGHT.OBJ
C:\USERS\DAVID\DOCUMENTS\GITHUB\3RDYEARPROJECTSTORAGE\DAVID RYAN 3RD YEAR PROKECT PART 3\DIRECTXSTUFF\DIRECTXSTUFF\RELEASE\LIGHTSHADER.OBJ
C:\Users\David\Documents\GitHub\3rdYearProjectStorage\David RYAN 3rd Year Prokect Part 3\DirectXStuff\DirectXStuff\Release\link.command.1.tlog
C:\Users\David\Documents\GitHub\3rdYearProjectStorage\David RYAN 3rd Year Prokect Part 3\DirectXStuff\DirectXStuff\Release\link.read.1.tlog
C:\Users\David\Documents\GitHub\3rdYearProjectStorage\David RYAN 3rd Year Prokect Part 3\DirectXStuff\DirectXStuff\Release\link.write.1.tlog
C:\USERS\DAVID\DOCUMENTS\GITHUB\3RDYEARPROJECTSTORAGE\DAVID RYAN 3RD YEAR PROKECT PART 3\DIRECTXSTUFF\DIRECTXSTUFF\RELEASE\MODEL.OBJ
C:\Users\David\Documents\GitHub\3rdYearProjectStorage\David RYAN 3rd Year Prokect Part 3\DirectXStuff\DirectXStuff\Release\mt.command.1.tlog
C:\Users\David\Documents\GitHub\3rdYearProjectStorage\David RYAN 3rd Year Prokect Part 3\DirectXStuff\DirectXStuff\Release\mt.read.1.tlog
C:\Users\David\Documents\GitHub\3rdYearProjectStorage\David RYAN 3rd Year Prokect Part 3\DirectXStuff\DirectXStuff\Release\mt.write.1.tlog
C:\USERS\DAVID\DOCUMENTS\GITHUB\3RDYEARPROJECTSTORAGE\DAVID RYAN 3RD YEAR PROKECT PART 3\DIRECTXSTUFF\DIRECTXSTUFF\RELEASE\MULTITEXTURESHADER.OBJ
C:\USERS\DAVID\DOCUMENTS\GITHUB\3RDYEARPROJECTSTORAGE\DAVID RYAN 3RD YEAR PROKECT PART 3\DIRECTXSTUFF\DIRECTXSTUFF\RELEASE\POSITION.OBJ
C:\USERS\DAVID\DOCUMENTS\GITHUB\3RDYEARPROJECTSTORAGE\DAVID RYAN 3RD YEAR PROKECT PART 3\DIRECTXSTUFF\DIRECTXSTUFF\RELEASE\QUADTREE.OBJ
C:\USERS\DAVID\DOCUMENTS\GITHUB\3RDYEARPROJECTSTORAGE\DAVID RYAN 3RD YEAR PROKECT PART 3\DIRECTXSTUFF\DIRECTXSTUFF\RELEASE\REFLECTIONSHADER.OBJ
C:\USERS\DAVID\DOCUMENTS\GITHUB\3RDYEARPROJECTSTORAGE\DAVID RYAN 3RD YEAR PROKECT PART 3\DIRECTXSTUFF\DIRECTXSTUFF\RELEASE\RENDERTEXTURE.OBJ
C:\USERS\DAVID\DOCUMENTS\GITHUB\3RDYEARPROJECTSTORAGE\DAVID RYAN 3RD YEAR PROKECT PART 3\DIRECTXSTUFF\DIRECTXSTUFF\RELEASE\SKYDOME.OBJ
C:\USERS\DAVID\DOCUMENTS\GITHUB\3RDYEARPROJECTSTORAGE\DAVID RYAN 3RD YEAR PROKECT PART 3\DIRECTXSTUFF\DIRECTXSTUFF\RELEASE\SKYDOMESHADER.OBJ
C:\USERS\DAVID\DOCUMENTS\GITHUB\3RDYEARPROJECTSTORAGE\DAVID RYAN 3RD YEAR PROKECT PART 3\DIRECTXSTUFF\DIRECTXSTUFF\RELEASE\SKYPLANE.OBJ
C:\USERS\DAVID\DOCUMENTS\GITHUB\3RDYEARPROJECTSTORAGE\DAVID RYAN 3RD YEAR PROKECT PART 3\DIRECTXSTUFF\DIRECTXSTUFF\RELEASE\SKYPLANESHADER.OBJ
C:\USERS\DAVID\DOCUMENTS\GITHUB\3RDYEARPROJECTSTORAGE\DAVID RYAN 3RD YEAR PROKECT PART 3\DIRECTXSTUFF\DIRECTXSTUFF\RELEASE\SOUND.OBJ
C:\USERS\DAVID\DOCUMENTS\GITHUB\3RDYEARPROJECTSTORAGE\DAVID RYAN 3RD YEAR PROKECT PART 3\DIRECTXSTUFF\DIRECTXSTUFF\RELEASE\SYSTEMBACKEND.OBJ
C:\USERS\DAVID\DOCUMENTS\GITHUB\3RDYEARPROJECTSTORAGE\DAVID RYAN 3RD YEAR PROKECT PART 3\DIRECTXSTUFF\DIRECTXSTUFF\RELEASE\TERRAIN.OBJ
C:\USERS\DAVID\DOCUMENTS\GITHUB\3RDYEARPROJECTSTORAGE\DAVID RYAN 3RD YEAR PROKECT PART 3\DIRECTXSTUFF\DIRECTXSTUFF\RELEASE\TERRAINSHADER.OBJ
C:\USERS\DAVID\DOCUMENTS\GITHUB\3RDYEARPROJECTSTORAGE\DAVID RYAN 3RD YEAR PROKECT PART 3\DIRECTXSTUFF\DIRECTXSTUFF\RELEASE\TEXTHANDLER.OBJ
C:\USERS\DAVID\DOCUMENTS\GITHUB\3RDYEARPROJECTSTORAGE\DAVID RYAN 3RD YEAR PROKECT PART 3\DIRECTXSTUFF\DIRECTXSTUFF\RELEASE\TEXTURE.OBJ
C:\USERS\DAVID\DOCUMENTS\GITHUB\3RDYEARPROJECTSTORAGE\DAVID RYAN 3RD YEAR PROKECT PART 3\DIRECTXSTUFF\DIRECTXSTUFF\RELEASE\TEXTURESHADER.OBJ
C:\USERS\DAVID\DOCUMENTS\GITHUB\3RDYEARPROJECTSTORAGE\DAVID RYAN 3RD YEAR PROKECT PART 3\DIRECTXSTUFF\DIRECTXSTUFF\RELEASE\TIMER.OBJ
C:\USERS\DAVID\DOCUMENTS\GITHUB\3RDYEARPROJECTSTORAGE\DAVID RYAN 3RD YEAR PROKECT PART 3\DIRECTXSTUFF\DIRECTXSTUFF\RELEASE\VC100.PDB
C:\USERS\DAVID\DOCUMENTS\GITHUB\3RDYEARPROJECTSTORAGE\DAVID RYAN 3RD YEAR PROKECT PART 3\DIRECTXSTUFF\DIRECTXSTUFF\RELEASE\WATER.OBJ
C:\USERS\DAVID\DOCUMENTS\GITHUB\3RDYEARPROJECTSTORAGE\DAVID RYAN 3RD YEAR PROKECT PART 3\DIRECTXSTUFF\DIRECTXSTUFF\RELEASE\WATERSHADER.OBJ
C:\USERS\DAVID\DOCUMENTS\GITHUB\3RDYEARPROJECTSTORAGE\DAVID RYAN 3RD YEAR PROKECT PART 3\DIRECTXSTUFF\RELEASE\DIRECTXSTUFF.EXE
C:\USERS\DAVID\DOCUMENTS\GITHUB\3RDYEARPROJECTSTORAGE\DAVID RYAN 3RD YEAR PROKECT PART 3\DIRECTXSTUFF\RELEASE\DIRECTXSTUFF.PDB
C:\USERS\DAVID\DOCUMENTS\GITHUB\3RDYEARPROJECTSTORAGE\TANK BATTLE SCENE\DIRECTXSTUFF\DIRECTXSTUFF\RELEASE\APPLICATION.OBJ
C:\USERS\DAVID\DOCUMENTS\GITHUB\3RDYEARPROJECTSTORAGE\TANK BATTLE SCENE\DIRECTXSTUFF\DIRECTXSTUFF\RELEASE\CAMERA.OBJ
C:\USERS\DAVID\DOCUMENTS\GITHUB\3RDYEARPROJECTSTORAGE\TANK BATTLE SCENE\DIRECTXSTUFF\DIRECTXSTUFF\RELEASE\COLORSHADER.OBJ
C:\USERS\DAVID\DOCUMENTS\GITHUB\3RDYEARPROJECTSTORAGE\TANK BATTLE SCENE\DIRECTXSTUFF\DIRECTXSTUFF\RELEASE\CPUQUERY.OBJ
C:\USERS\DAVID\DOCUMENTS\GITHUB\3RDYEARPROJECTSTORAGE\TANK BATTLE SCENE\DIRECTXSTUFF\DIRECTXSTUFF\RELEASE\DIRECT3DHANDLER.OBJ
C:\USERS\DAVID\DOCUMENTS\GITHUB\3RDYEARPROJECTSTORAGE\TANK BATTLE SCENE\DIRECTXSTUFF\DIRECTXSTUFF\RELEASE\DIRECTXSTUFF.EXE.INTERMEDIATE.MANIFEST
C:\USERS\DAVID\DOCUMENTS\GITHUB\3RDYEARPROJECTSTORAGE\TANK BATTLE SCENE\DIRECTXSTUFF\DIRECTXSTUFF\RELEASE\DXMAIN.OBJ
C:\USERS\DAVID\DOCUMENTS\GITHUB\3RDYEARPROJECTSTORAGE\TANK BATTLE SCENE\DIRECTXSTUFF\DIRECTXSTUFF\RELEASE\FONTHANDLER.OBJ
C:\USERS\DAVID\DOCUMENTS\GITHUB\3RDYEARPROJECTSTORAGE\TANK BATTLE SCENE\DIRECTXSTUFF\DIRECTXSTUFF\RELEASE\FONTSHADER.OBJ
C:\USERS\DAVID\DOCUMENTS\GITHUB\3RDYEARPROJECTSTORAGE\TANK BATTLE SCENE\DIRECTXSTUFF\DIRECTXSTUFF\RELEASE\FRAMESPS.OBJ
C:\USERS\DAVID\DOCUMENTS\GITHUB\3RDYEARPROJECTSTORAGE\TANK BATTLE SCENE\DIRECTXSTUFF\DIRECTXSTUFF\RELEASE\FRUSTUM.OBJ
C:\USERS\DAVID\DOCUMENTS\GITHUB\3RDYEARPROJECTSTORAGE\TANK BATTLE SCENE\DIRECTXSTUFF\DIRECTXSTUFF\RELEASE\HUD.OBJ
C:\USERS\DAVID\DOCUMENTS\GITHUB\3RDYEARPROJECTSTORAGE\TANK BATTLE SCENE\DIRECTXSTUFF\DIRECTXSTUFF\RELEASE\INPUT.OBJ
C:\USERS\DAVID\DOCUMENTS\GITHUB\3RDYEARPROJECTSTORAGE\TANK BATTLE SCENE\DIRECTXSTUFF\DIRECTXSTUFF\RELEASE\LIGHT.OBJ
C:\USERS\DAVID\DOCUMENTS\GITHUB\3RDYEARPROJECTSTORAGE\TANK BATTLE SCENE\DIRECTXSTUFF\DIRECTXSTUFF\RELEASE\LIGHTSHADER.OBJ
C:\USERS\DAVID\DOCUMENTS\GITHUB\3RDYEARPROJECTSTORAGE\TANK BATTLE SCENE\DIRECTXSTUFF\DIRECTXSTUFF\RELEASE\MODEL.OBJ
C:\USERS\DAVID\DOCUMENTS\GITHUB\3RDYEARPROJECTSTORAGE\TANK BATTLE SCENE\DIRECTXSTUFF\DIRECTXSTUFF\RELEASE\MULTITEXTURESHADER.OBJ
C:\USERS\DAVID\DOCUMENTS\GITHUB\3RDYEARPROJECTSTORAGE\TANK BATTLE SCENE\DIRECTXSTUFF\DIRECTXSTUFF\RELEASE\POSITION.OBJ
C:\USERS\DAVID\DOCUMENTS\GITHUB\3RDYEARPROJECTSTORAGE\TANK BATTLE SCENE\DIRECTXSTUFF\DIRECTXSTUFF\RELEASE\QUADTREE.OBJ
C:\USERS\DAVID\DOCUMENTS\GITHUB\3RDYEARPROJECTSTORAGE\TANK BATTLE SCENE\DIRECTXSTUFF\DIRECTXSTUFF\RELEASE\REFLECTIONSHADER.OBJ
C:\USERS\DAVID\DOCUMENTS\GITHUB\3RDYEARPROJECTSTORAGE\TANK BATTLE SCENE\DIRECTXSTUFF\DIRECTXSTUFF\RELEASE\RENDERTEXTURE.OBJ
C:\USERS\DAVID\DOCUMENTS\GITHUB\3RDYEARPROJECTSTORAGE\TANK BATTLE SCENE\DIRECTXSTUFF\DIRECTXSTUFF\RELEASE\SKYDOME.OBJ
C:\USERS\DAVID\DOCUMENTS\GITHUB\3RDYEARPROJECTSTORAGE\TANK BATTLE SCENE\DIRECTXSTUFF\DIRECTXSTUFF\RELEASE\SKYDOMESHADER.OBJ
C:\USERS\DAVID\DOCUMENTS\GITHUB\3RDYEARPROJECTSTORAGE\TANK BATTLE SCENE\DIRECTXSTUFF\DIRECTXSTUFF\RELEASE\SKYPLANE.OBJ
C:\USERS\DAVID\DOCUMENTS\GITHUB\3RDYEARPROJECTSTORAGE\TANK BATTLE SCENE\DIRECTXSTUFF\DIRECTXSTUFF\RELEASE\SKYPLANESHADER.OBJ
C:\USERS\DAVID\DOCUMENTS\GITHUB\3RDYEARPROJECTSTORAGE\TANK BATTLE SCENE\DIRECTXSTUFF\DIRECTXSTUFF\RELEASE\SOUND.OBJ
C:\USERS\DAVID\DOCUMENTS\GITHUB\3RDYEARPROJECTSTORAGE\TANK BATTLE SCENE\DIRECTXSTUFF\DIRECTXSTUFF\RELEASE\SYSTEMBACKEND.OBJ
C:\USERS\DAVID\DOCUMENTS\GITHUB\3RDYEARPROJECTSTORAGE\TANK BATTLE SCENE\DIRECTXSTUFF\DIRECTXSTUFF\RELEASE\TERRAIN.OBJ
C:\USERS\DAVID\DOCUMENTS\GITHUB\3RDYEARPROJECTSTORAGE\TANK BATTLE SCENE\DIRECTXSTUFF\DIRECTXSTUFF\RELEASE\TERRAINSHADER.OBJ
C:\USERS\DAVID\DOCUMENTS\GITHUB\3RDYEARPROJECTSTORAGE\TANK BATTLE SCENE\DIRECTXSTUFF\DIRECTXSTUFF\RELEASE\TEXTHANDLER.OBJ
C:\USERS\DAVID\DOCUMENTS\GITHUB\3RDYEARPROJECTSTORAGE\TANK BATTLE SCENE\DIRECTXSTUFF\DIRECTXSTUFF\RELEASE\TEXTURE.OBJ
C:\USERS\DAVID\DOCUMENTS\GITHUB\3RDYEARPROJECTSTORAGE\TANK BATTLE SCENE\DIRECTXSTUFF\DIRECTXSTUFF\RELEASE\TEXTURESHADER.OBJ
C:\USERS\DAVID\DOCUMENTS\GITHUB\3RDYEARPROJECTSTORAGE\TANK BATTLE SCENE\DIRECTXSTUFF\DIRECTXSTUFF\RELEASE\TIMER.OBJ
C:\USERS\DAVID\DOCUMENTS\GITHUB\3RDYEARPROJECTSTORAGE\TANK BATTLE SCENE\DIRECTXSTUFF\DIRECTXSTUFF\RELEASE\VC100.PDB
C:\USERS\DAVID\DOCUMENTS\GITHUB\3RDYEARPROJECTSTORAGE\TANK BATTLE SCENE\DIRECTXSTUFF\DIRECTXSTUFF\RELEASE\WATER.OBJ
C:\USERS\DAVID\DOCUMENTS\GITHUB\3RDYEARPROJECTSTORAGE\TANK BATTLE SCENE\DIRECTXSTUFF\DIRECTXSTUFF\RELEASE\WATERSHADER.OBJ
C:\USERS\DAVID\DOCUMENTS\GITHUB\3RDYEARPROJECTSTORAGE\TANK BATTLE SCENE\DIRECTXSTUFF\RELEASE\DIRECTXSTUFF.EXE
C:\USERS\DAVID\DOCUMENTS\GITHUB\3RDYEARPROJECTSTORAGE\TANK BATTLE SCENE\DIRECTXSTUFF\RELEASE\DIRECTXSTUFF.PDB
C:\USERS\DAVID\DOCUMENTS\GITHUB\3RDYEARPROJECTSTORAGE\TANK SCENE WITH SKYBOX\DIRECTXSTUFF\DIRECTXSTUFF\RELEASE\APPLICATION.OBJ
C:\USERS\DAVID\DOCUMENTS\GITHUB\3RDYEARPROJECTSTORAGE\TANK SCENE WITH SKYBOX\DIRECTXSTUFF\DIRECTXSTUFF\RELEASE\CAMERA.OBJ
C:\USERS\DAVID\DOCUMENTS\GITHUB\3RDYEARPROJECTSTORAGE\TANK SCENE WITH SKYBOX\DIRECTXSTUFF\DIRECTXSTUFF\RELEASE\COLORSHADER.OBJ
C:\USERS\DAVID\DOCUMENTS\GITHUB\3RDYEARPROJECTSTORAGE\TANK SCENE WITH SKYBOX\DIRECTXSTUFF\DIRECTXSTUFF\RELEASE\CPUQUERY.OBJ
C:\USERS\DAVID\DOCUMENTS\GITHUB\3RDYEARPROJECTSTORAGE\TANK SCENE WITH SKYBOX\DIRECTXSTUFF\DIRECTXSTUFF\RELEASE\DIRECT3DHANDLER.OBJ
C:\USERS\DAVID\DOCUMENTS\GITHUB\3RDYEARPROJECTSTORAGE\TANK SCENE WITH SKYBOX\DIRECTXSTUFF\DIRECTXSTUFF\RELEASE\DIRECTXSTUFF.EXE.INTERMEDIATE.MANIFEST
C:\USERS\DAVID\DOCUMENTS\GITHUB\3RDYEARPROJECTSTORAGE\TANK SCENE WITH SKYBOX\DIRECTXSTUFF\DIRECTXSTUFF\RELEASE\DXMAIN.OBJ
C:\USERS\DAVID\DOCUMENTS\GITHUB\3RDYEARPROJECTSTORAGE\TANK SCENE WITH SKYBOX\DIRECTXSTUFF\DIRECTXSTUFF\RELEASE\FONTHANDLER.OBJ
C:\USERS\DAVID\DOCUMENTS\GITHUB\3RDYEARPROJECTSTORAGE\TANK SCENE WITH SKYBOX\DIRECTXSTUFF\DIRECTXSTUFF\RELEASE\FONTSHADER.OBJ
C:\USERS\DAVID\DOCUMENTS\GITHUB\3RDYEARPROJECTSTORAGE\TANK SCENE WITH SKYBOX\DIRECTXSTUFF\DIRECTXSTUFF\RELEASE\FRAMESPS.OBJ
C:\USERS\DAVID\DOCUMENTS\GITHUB\3RDYEARPROJECTSTORAGE\TANK SCENE WITH SKYBOX\DIRECTXSTUFF\DIRECTXSTUFF\RELEASE\FRUSTUM.OBJ
C:\USERS\DAVID\DOCUMENTS\GITHUB\3RDYEARPROJECTSTORAGE\TANK SCENE WITH SKYBOX\DIRECTXSTUFF\DIRECTXSTUFF\RELEASE\INPUT.OBJ
C:\USERS\DAVID\DOCUMENTS\GITHUB\3RDYEARPROJECTSTORAGE\TANK SCENE WITH SKYBOX\DIRECTXSTUFF\DIRECTXSTUFF\RELEASE\LIGHT.OBJ
C:\USERS\DAVID\DOCUMENTS\GITHUB\3RDYEARPROJECTSTORAGE\TANK SCENE WITH SKYBOX\DIRECTXSTUFF\DIRECTXSTUFF\RELEASE\LIGHTSHADER.OBJ
C:\USERS\DAVID\DOCUMENTS\GITHUB\3RDYEARPROJECTSTORAGE\TANK SCENE WITH SKYBOX\DIRECTXSTUFF\DIRECTXSTUFF\RELEASE\MODEL.OBJ
C:\USERS\DAVID\DOCUMENTS\GITHUB\3RDYEARPROJECTSTORAGE\TANK SCENE WITH SKYBOX\DIRECTXSTUFF\DIRECTXSTUFF\RELEASE\MULTITEXTURESHADER.OBJ
C:\USERS\DAVID\DOCUMENTS\GITHUB\3RDYEARPROJECTSTORAGE\TANK SCENE WITH SKYBOX\DIRECTXSTUFF\DIRECTXSTUFF\RELEASE\POSITION.OBJ
C:\USERS\DAVID\DOCUMENTS\GITHUB\3RDYEARPROJECTSTORAGE\TANK SCENE WITH SKYBOX\DIRECTXSTUFF\DIRECTXSTUFF\RELEASE\QUADTREE.OBJ
C:\USERS\DAVID\DOCUMENTS\GITHUB\3RDYEARPROJECTSTORAGE\TANK SCENE WITH SKYBOX\DIRECTXSTUFF\DIRECTXSTUFF\RELEASE\REFLECTIONSHADER.OBJ
C:\USERS\DAVID\DOCUMENTS\GITHUB\3RDYEARPROJECTSTORAGE\TANK SCENE WITH SKYBOX\DIRECTXSTUFF\DIRECTXSTUFF\RELEASE\RENDERTEXTURE.OBJ
C:\USERS\DAVID\DOCUMENTS\GITHUB\3RDYEARPROJECTSTORAGE\TANK SCENE WITH SKYBOX\DIRECTXSTUFF\DIRECTXSTUFF\RELEASE\SKYDOME.OBJ
C:\USERS\DAVID\DOCUMENTS\GITHUB\3RDYEARPROJECTSTORAGE\TANK SCENE WITH SKYBOX\DIRECTXSTUFF\DIRECTXSTUFF\RELEASE\SKYDOMESHADER.OBJ
C:\USERS\DAVID\DOCUMENTS\GITHUB\3RDYEARPROJECTSTORAGE\TANK SCENE WITH SKYBOX\DIRECTXSTUFF\DIRECTXSTUFF\RELEASE\SKYPLANE.OBJ
C:\USERS\DAVID\DOCUMENTS\GITHUB\3RDYEARPROJECTSTORAGE\TANK SCENE WITH SKYBOX\DIRECTXSTUFF\DIRECTXSTUFF\RELEASE\SKYPLANESHADER.OBJ
C:\USERS\DAVID\DOCUMENTS\GITHUB\3RDYEARPROJECTSTORAGE\TANK SCENE WITH SKYBOX\DIRECTXSTUFF\DIRECTXSTUFF\RELEASE\SYSTEMBACKEND.OBJ
C:\USERS\DAVID\DOCUMENTS\GITHUB\3RDYEARPROJECTSTORAGE\TANK SCENE WITH SKYBOX\DIRECTXSTUFF\DIRECTXSTUFF\RELEASE\TERRAIN.OBJ
C:\USERS\DAVID\DOCUMENTS\GITHUB\3RDYEARPROJECTSTORAGE\TANK SCENE WITH SKYBOX\DIRECTXSTUFF\DIRECTXSTUFF\RELEASE\TERRAINSHADER.OBJ
C:\USERS\DAVID\DOCUMENTS\GITHUB\3RDYEARPROJECTSTORAGE\TANK SCENE WITH SKYBOX\DIRECTXSTUFF\DIRECTXSTUFF\RELEASE\TEXTHANDLER.OBJ
C:\USERS\DAVID\DOCUMENTS\GITHUB\3RDYEARPROJECTSTORAGE\TANK SCENE WITH SKYBOX\DIRECTXSTUFF\DIRECTXSTUFF\RELEASE\TEXTURE.OBJ
C:\USERS\DAVID\DOCUMENTS\GITHUB\3RDYEARPROJECTSTORAGE\TANK SCENE WITH SKYBOX\DIRECTXSTUFF\DIRECTXSTUFF\RELEASE\TEXTURESHADER.OBJ
C:\USERS\DAVID\DOCUMENTS\GITHUB\3RDYEARPROJECTSTORAGE\TANK SCENE WITH SKYBOX\DIRECTXSTUFF\DIRECTXSTUFF\RELEASE\TIMER.OBJ
C:\USERS\DAVID\DOCUMENTS\GITHUB\3RDYEARPROJECTSTORAGE\TANK SCENE WITH SKYBOX\DIRECTXSTUFF\DIRECTXSTUFF\RELEASE\VC100.PDB
C:\USERS\DAVID\DOCUMENTS\GITHUB\3RDYEARPROJECTSTORAGE\TANK SCENE WITH SKYBOX\DIRECTXSTUFF\DIRECTXSTUFF\RELEASE\WATER.OBJ
C:\USERS\DAVID\DOCUMENTS\GITHUB\3RDYEARPROJECTSTORAGE\TANK SCENE WITH SKYBOX\DIRECTXSTUFF\DIRECTXSTUFF\RELEASE\WATERSHADER.OBJ
C:\USERS\DAVID\DOCUMENTS\GITHUB\3RDYEARPROJECTSTORAGE\TANK SCENE WITH SKYBOX\DIRECTXSTUFF\RELEASE\DIRECTXSTUFF.EXE
C:\USERS\DAVID\DOCUMENTS\GITHUB\3RDYEARPROJECTSTORAGE\TANK SCENE WITH SKYBOX\DIRECTXSTUFF\RELEASE\DIRECTXSTUFF.PDB
C:\USERS\DAVID\DOCUMENTS\GITHUB\3RDYEARPROJECTSTORAGE\TERRAIN SCENE WITH SKYBOX\DIRECTXSTUFF\DIRECTXSTUFF\RELEASE\APPLICATION.OBJ
C:\USERS\DAVID\DOCUMENTS\GITHUB\3RDYEARPROJECTSTORAGE\TERRAIN SCENE WITH SKYBOX\DIRECTXSTUFF\DIRECTXSTUFF\RELEASE\CAMERA.OBJ
C:\USERS\DAVID\DOCUMENTS\GITHUB\3RDYEARPROJECTSTORAGE\TERRAIN SCENE WITH SKYBOX\DIRECTXSTUFF\DIRECTXSTUFF\RELEASE\COLORSHADER.OBJ
C:\USERS\DAVID\DOCUMENTS\GITHUB\3RDYEARPROJECTSTORAGE\TERRAIN SCENE WITH SKYBOX\DIRECTXSTUFF\DIRECTXSTUFF\RELEASE\CPUQUERY.OBJ
C:\USERS\DAVID\DOCUMENTS\GITHUB\3RDYEARPROJECTSTORAGE\TERRAIN SCENE WITH SKYBOX\DIRECTXSTUFF\DIRECTXSTUFF\RELEASE\DIRECT3DHANDLER.OBJ
C:\USERS\DAVID\DOCUMENTS\GITHUB\3RDYEARPROJECTSTORAGE\TERRAIN SCENE WITH SKYBOX\DIRECTXSTUFF\DIRECTXSTUFF\RELEASE\DIRECTXSTUFF.EXE.INTERMEDIATE.MANIFEST
C:\USERS\DAVID\DOCUMENTS\GITHUB\3RDYEARPROJECTSTORAGE\TERRAIN SCENE WITH SKYBOX\DIRECTXSTUFF\DIRECTXSTUFF\RELEASE\DXMAIN.OBJ
C:\USERS\DAVID\DOCUMENTS\GITHUB\3RDYEARPROJECTSTORAGE\TERRAIN SCENE WITH SKYBOX\DIRECTXSTUFF\DIRECTXSTUFF\RELEASE\FONTHANDLER.OBJ
C:\USERS\DAVID\DOCUMENTS\GITHUB\3RDYEARPROJECTSTORAGE\TERRAIN SCENE WITH SKYBOX\DIRECTXSTUFF\DIRECTXSTUFF\RELEASE\FONTSHADER.OBJ
C:\USERS\DAVID\DOCUMENTS\GITHUB\3RDYEARPROJECTSTORAGE\TERRAIN SCENE WITH SKYBOX\DIRECTXSTUFF\DIRECTXSTUFF\RELEASE\FRAMESPS.OBJ
C:\USERS\DAVID\DOCUMENTS\GITHUB\3RDYEARPROJECTSTORAGE\TERRAIN SCENE WITH SKYBOX\DIRECTXSTUFF\DIRECTXSTUFF\RELEASE\FRUSTUM.OBJ
C:\USERS\DAVID\DOCUMENTS\GITHUB\3RDYEARPROJECTSTORAGE\TERRAIN SCENE WITH SKYBOX\DIRECTXSTUFF\DIRECTXSTUFF\RELEASE\INPUT.OBJ
C:\USERS\DAVID\DOCUMENTS\GITHUB\3RDYEARPROJECTSTORAGE\TERRAIN SCENE WITH SKYBOX\DIRECTXSTUFF\DIRECTXSTUFF\RELEASE\LIGHT.OBJ
C:\USERS\DAVID\DOCUMENTS\GITHUB\3RDYEARPROJECTSTORAGE\TERRAIN SCENE WITH SKYBOX\DIRECTXSTUFF\DIRECTXSTUFF\RELEASE\LIGHTSHADER.OBJ
C:\USERS\DAVID\DOCUMENTS\GITHUB\3RDYEARPROJECTSTORAGE\TERRAIN SCENE WITH SKYBOX\DIRECTXSTUFF\DIRECTXSTUFF\RELEASE\MODEL.OBJ
C:\USERS\DAVID\DOCUMENTS\GITHUB\3RDYEARPROJECTSTORAGE\TERRAIN SCENE WITH SKYBOX\DIRECTXSTUFF\DIRECTXSTUFF\RELEASE\MULTITEXTURESHADER.OBJ
C:\USERS\DAVID\DOCUMENTS\GITHUB\3RDYEARPROJECTSTORAGE\TERRAIN SCENE WITH SKYBOX\DIRECTXSTUFF\DIRECTXSTUFF\RELEASE\POSITION.OBJ
C:\USERS\DAVID\DOCUMENTS\GITHUB\3RDYEARPROJECTSTORAGE\TERRAIN SCENE WITH SKYBOX\DIRECTXSTUFF\DIRECTXSTUFF\RELEASE\QUADTREE.OBJ
C:\USERS\DAVID\DOCUMENTS\GITHUB\3RDYEARPROJECTSTORAGE\TERRAIN SCENE WITH SKYBOX\DIRECTXSTUFF\DIRECTXSTUFF\RELEASE\REFLECTIONSHADER.OBJ
C:\USERS\DAVID\DOCUMENTS\GITHUB\3RDYEARPROJECTSTORAGE\TERRAIN SCENE WITH SKYBOX\DIRECTXSTUFF\DIRECTXSTUFF\RELEASE\RENDERTEXTURE.OBJ
C:\USERS\DAVID\DOCUMENTS\GITHUB\3RDYEARPROJECTSTORAGE\TERRAIN SCENE WITH SKYBOX\DIRECTXSTUFF\DIRECTXSTUFF\RELEASE\SKYDOME.OBJ
C:\USERS\DAVID\DOCUMENTS\GITHUB\3RDYEARPROJECTSTORAGE\TERRAIN SCENE WITH SKYBOX\DIRECTXSTUFF\DIRECTXSTUFF\RELEASE\SKYDOMESHADER.OBJ
C:\USERS\DAVID\DOCUMENTS\GITHUB\3RDYEARPROJECTSTORAGE\TERRAIN SCENE WITH SKYBOX\DIRECTXSTUFF\DIRECTXSTUFF\RELEASE\SKYPLANE.OBJ
C:\USERS\DAVID\DOCUMENTS\GITHUB\3RDYEARPROJECTSTORAGE\TERRAIN SCENE WITH SKYBOX\DIRECTXSTUFF\DIRECTXSTUFF\RELEASE\SKYPLANESHADER.OBJ
C:\USERS\DAVID\DOCUMENTS\GITHUB\3RDYEARPROJECTSTORAGE\TERRAIN SCENE WITH SKYBOX\DIRECTXSTUFF\DIRECTXSTUFF\RELEASE\SYSTEMBACKEND.OBJ
C:\USERS\DAVID\DOCUMENTS\GITHUB\3RDYEARPROJECTSTORAGE\TERRAIN SCENE WITH SKYBOX\DIRECTXSTUFF\DIRECTXSTUFF\RELEASE\TERRAIN.OBJ
C:\USERS\DAVID\DOCUMENTS\GITHUB\3RDYEARPROJECTSTORAGE\TERRAIN SCENE WITH SKYBOX\DIRECTXSTUFF\DIRECTXSTUFF\RELEASE\TERRAINSHADER.OBJ
C:\USERS\DAVID\DOCUMENTS\GITHUB\3RDYEARPROJECTSTORAGE\TERRAIN SCENE WITH SKYBOX\DIRECTXSTUFF\DIRECTXSTUFF\RELEASE\TEXTHANDLER.OBJ
C:\USERS\DAVID\DOCUMENTS\GITHUB\3RDYEARPROJECTSTORAGE\TERRAIN SCENE WITH SKYBOX\DIRECTXSTUFF\DIRECTXSTUFF\RELEASE\TEXTURE.OBJ
C:\USERS\DAVID\DOCUMENTS\GITHUB\3RDYEARPROJECTSTORAGE\TERRAIN SCENE WITH SKYBOX\DIRECTXSTUFF\DIRECTXSTUFF\RELEASE\TEXTURESHADER.OBJ
C:\USERS\DAVID\DOCUMENTS\GITHUB\3RDYEARPROJECTSTORAGE\TERRAIN SCENE WITH SKYBOX\DIRECTXSTUFF\DIRECTXSTUFF\RELEASE\TIMER.OBJ
C:\USERS\DAVID\DOCUMENTS\GITHUB\3RDYEARPROJECTSTORAGE\TERRAIN SCENE WITH SKYBOX\DIRECTXSTUFF\DIRECTXSTUFF\RELEASE\VC100.PDB
C:\USERS\DAVID\DOCUMENTS\GITHUB\3RDYEARPROJECTSTORAGE\TERRAIN SCENE WITH SKYBOX\DIRECTXSTUFF\DIRECTXSTUFF\RELEASE\WATER.OBJ
C:\USERS\DAVID\DOCUMENTS\GITHUB\3RDYEARPROJECTSTORAGE\TERRAIN SCENE WITH SKYBOX\DIRECTXSTUFF\DIRECTXSTUFF\RELEASE\WATERSHADER.OBJ
C:\USERS\DAVID\DOCUMENTS\GITHUB\3RDYEARPROJECTSTORAGE\TERRAIN SCENE WITH SKYBOX\DIRECTXSTUFF\RELEASE\DIRECTXSTUFF.EXE
C:\USERS\DAVID\DOCUMENTS\GITHUB\3RDYEARPROJECTSTORAGE\TERRAIN SCENE WITH SKYBOX\DIRECTXSTUFF\RELEASE\DIRECTXSTUFF.PDB
