Build started 22/03/2013 13:21:26.
     1>Project "C:\Users\David\Documents\Skydrive\3rd Year Project\David Ryan 3rd Year Project Part 2\DirectXStuff\DirectXStuff\DirectXStuff.vcxproj" on node 2 (build target(s)).
     1>InitializeBuildStatus:
         Creating "Release\DirectXStuff.unsuccessfulbuild" because "AlwaysCreate" was specified.
       ClCompile:
         C:\Program Files (x86)\Microsoft Visual Studio 10.0\VC\bin\CL.exe /c /Zi /nologo /W3 /WX- /O2 /Oi /Oy- /GL /D WIN32 /D NDEBUG /D _WINDOWS /D _UNICODE /D UNICODE /Gm- /EHsc /MD /GS /Gy /fp:precise /Zc:wchar_t /Zc:forScope /Fo"Release\\" /Fd"Release\vc100.pdb" /Gd /TP /analyze- /errorReport:prompt Input.cpp
         Input.cpp
     1>Input.cpp(225): warning C4244: '+=' : conversion from 'float' to 'int', possible loss of data
     1>Input.cpp(226): warning C4244: '+=' : conversion from 'float' to 'int', possible loss of data
       Link:
         C:\Program Files (x86)\Microsoft Visual Studio 10.0\VC\bin\link.exe /ERRORREPORT:PROMPT /OUT:"C:\Users\David\Documents\Skydrive\3rd Year Project\David Ryan 3rd Year Project Part 2\DirectXStuff\Release\DirectXStuff.exe" /INCREMENTAL:NO /NOLOGO kernel32.lib user32.lib gdi32.lib winspool.lib comdlg32.lib advapi32.lib shell32.lib ole32.lib oleaut32.lib uuid.lib odbc32.lib odbccp32.lib /MANIFEST /ManifestFile:"Release\DirectXStuff.exe.intermediate.manifest" /MANIFESTUAC:"level='asInvoker' uiAccess='false'" /DEBUG /PDB:"C:\Users\David\Documents\Skydrive\3rd Year Project\David Ryan 3rd Year Project Part 2\DirectXStuff\Release\DirectXStuff.pdb" /SUBSYSTEM:WINDOWS /OPT:REF /OPT:ICF /LTCG /TLBID:1 /DYNAMICBASE /NXCOMPAT /IMPLIB:"C:\Users\David\Documents\Skydrive\3rd Year Project\David Ryan 3rd Year Project Part 2\DirectXStuff\Release\DirectXStuff.lib" /MACHINE:X86 Release\Application.obj
         Release\Camera.obj
         Release\CPUQuery.obj
         Release\Direct3DHandler.obj
         Release\DXMain.obj
         Release\FontHandler.obj
         Release\FontShader.obj
         Release\FramesPS.obj
         Release\Input.obj
         Release\Light.obj
         Release\LightShader.obj
         Release\Model.obj
         Release\Position.obj
         Release\SkyBox.obj
         Release\SkyBoxShader.obj
         Release\Skyplane.obj
         Release\SkyplaneShader.obj
         Release\SystemBackend.obj
         Release\Terrain.obj
         Release\TerrainShader.obj
         Release\TextHandler.obj
         Release\Texture.obj
         Release\TextureShader.obj
         Release\Timer.obj
         Generating code
         Finished generating code
         DirectXStuff.vcxproj -> C:\Users\David\Documents\Skydrive\3rd Year Project\David Ryan 3rd Year Project Part 2\DirectXStuff\Release\DirectXStuff.exe
       Manifest:
         C:\Program Files (x86)\Microsoft SDKs\Windows\v7.0A\bin\mt.exe /nologo /verbose /outputresource:"C:\Users\David\Documents\Skydrive\3rd Year Project\David Ryan 3rd Year Project Part 2\DirectXStuff\Release\DirectXStuff.exe;#1" /manifest Release\DirectXStuff.exe.intermediate.manifest
       FinalizeBuildStatus:
         Deleting file "Release\DirectXStuff.unsuccessfulbuild".
         Touching "Release\DirectXStuff.lastbuildstate".
     1>Done Building Project "C:\Users\David\Documents\Skydrive\3rd Year Project\David Ryan 3rd Year Project Part 2\DirectXStuff\DirectXStuff\DirectXStuff.vcxproj" (build target(s)).

Build succeeded.

Time Elapsed 00:00:01.72
