C:\USERS\DAVID\DOCUMENTS\GITHUB\3RDYEARPROJECTSTORAGE\TERRAIN SCENE WITH SKYBOX\DIRECTXSTUFF\DEBUG\DIRECTXSTUFF.EXE
C:\USERS\DAVID\DOCUMENTS\GITHUB\3RDYEARPROJECTSTORAGE\TERRAIN SCENE WITH SKYBOX\DIRECTXSTUFF\DEBUG\DIRECTXSTUFF.PDB
C:\USERS\DAVID\DOCUMENTS\GITHUB\3RDYEARPROJECTSTORAGE\TERRAIN SCENE WITH SKYBOX\DIRECTXSTUFF\DIRECTXSTUFF\DEBUG\APPLICATION.OBJ
C:\USERS\DAVID\DOCUMENTS\GITHUB\3RDYEARPROJECTSTORAGE\TERRAIN SCENE WITH SKYBOX\DIRECTXSTUFF\DIRECTXSTUFF\DEBUG\CAMERA.OBJ
C:\Users\David\Documents\GitHub\3rdYearProjectStorage\Terrain Scene with skybox\DirectXStuff\DirectXStuff\Debug\cl.command.1.tlog
C:\Users\David\Documents\GitHub\3rdYearProjectStorage\Terrain Scene with skybox\DirectXStuff\DirectXStuff\Debug\CL.read.1.tlog
C:\Users\David\Documents\GitHub\3rdYearProjectStorage\Terrain Scene with skybox\DirectXStuff\DirectXStuff\Debug\CL.write.1.tlog
C:\USERS\DAVID\DOCUMENTS\GITHUB\3RDYEARPROJECTSTORAGE\TERRAIN SCENE WITH SKYBOX\DIRECTXSTUFF\DIRECTXSTUFF\DEBUG\COLORSHADER.OBJ
C:\USERS\DAVID\DOCUMENTS\GITHUB\3RDYEARPROJECTSTORAGE\TERRAIN SCENE WITH SKYBOX\DIRECTXSTUFF\DIRECTXSTUFF\DEBUG\CPUQUERY.OBJ
C:\USERS\DAVID\DOCUMENTS\GITHUB\3RDYEARPROJECTSTORAGE\TERRAIN SCENE WITH SKYBOX\DIRECTXSTUFF\DIRECTXSTUFF\DEBUG\DIRECT3DHANDLER.OBJ
C:\USERS\DAVID\DOCUMENTS\GITHUB\3RDYEARPROJECTSTORAGE\TERRAIN SCENE WITH SKYBOX\DIRECTXSTUFF\DIRECTXSTUFF\DEBUG\DIRECTXSTUFF.EXE.INTERMEDIATE.MANIFEST
C:\USERS\DAVID\DOCUMENTS\GITHUB\3RDYEARPROJECTSTORAGE\TERRAIN SCENE WITH SKYBOX\DIRECTXSTUFF\DIRECTXSTUFF\DEBUG\DXMAIN.OBJ
C:\USERS\DAVID\DOCUMENTS\GITHUB\3RDYEARPROJECTSTORAGE\TERRAIN SCENE WITH SKYBOX\DIRECTXSTUFF\DIRECTXSTUFF\DEBUG\FONTHANDLER.OBJ
C:\USERS\DAVID\DOCUMENTS\GITHUB\3RDYEARPROJECTSTORAGE\TERRAIN SCENE WITH SKYBOX\DIRECTXSTUFF\DIRECTXSTUFF\DEBUG\FONTSHADER.OBJ
C:\USERS\DAVID\DOCUMENTS\GITHUB\3RDYEARPROJECTSTORAGE\TERRAIN SCENE WITH SKYBOX\DIRECTXSTUFF\DIRECTXSTUFF\DEBUG\FRAMESPS.OBJ
C:\USERS\DAVID\DOCUMENTS\GITHUB\3RDYEARPROJECTSTORAGE\TERRAIN SCENE WITH SKYBOX\DIRECTXSTUFF\DIRECTXSTUFF\DEBUG\FRUSTUM.OBJ
C:\USERS\DAVID\DOCUMENTS\GITHUB\3RDYEARPROJECTSTORAGE\TERRAIN SCENE WITH SKYBOX\DIRECTXSTUFF\DIRECTXSTUFF\DEBUG\INPUT.OBJ
C:\USERS\DAVID\DOCUMENTS\GITHUB\3RDYEARPROJECTSTORAGE\TERRAIN SCENE WITH SKYBOX\DIRECTXSTUFF\DIRECTXSTUFF\DEBUG\LIGHT.OBJ
C:\USERS\DAVID\DOCUMENTS\GITHUB\3RDYEARPROJECTSTORAGE\TERRAIN SCENE WITH SKYBOX\DIRECTXSTUFF\DIRECTXSTUFF\DEBUG\LIGHTSHADER.OBJ
C:\Users\David\Documents\GitHub\3rdYearProjectStorage\Terrain Scene with skybox\DirectXStuff\DirectXStuff\Debug\link.command.1.tlog
C:\Users\David\Documents\GitHub\3rdYearProjectStorage\Terrain Scene with skybox\DirectXStuff\DirectXStuff\Debug\link.read.1.tlog
C:\Users\David\Documents\GitHub\3rdYearProjectStorage\Terrain Scene with skybox\DirectXStuff\DirectXStuff\Debug\link.write.1.tlog
C:\USERS\DAVID\DOCUMENTS\GITHUB\3RDYEARPROJECTSTORAGE\TERRAIN SCENE WITH SKYBOX\DIRECTXSTUFF\DIRECTXSTUFF\DEBUG\MODEL.OBJ
C:\Users\David\Documents\GitHub\3rdYearProjectStorage\Terrain Scene with skybox\DirectXStuff\DirectXStuff\Debug\mt.command.1.tlog
C:\Users\David\Documents\GitHub\3rdYearProjectStorage\Terrain Scene with skybox\DirectXStuff\DirectXStuff\Debug\mt.read.1.tlog
C:\Users\David\Documents\GitHub\3rdYearProjectStorage\Terrain Scene with skybox\DirectXStuff\DirectXStuff\Debug\mt.write.1.tlog
C:\USERS\DAVID\DOCUMENTS\GITHUB\3RDYEARPROJECTSTORAGE\TERRAIN SCENE WITH SKYBOX\DIRECTXSTUFF\DIRECTXSTUFF\DEBUG\MULTITEXTURESHADER.OBJ
C:\USERS\DAVID\DOCUMENTS\GITHUB\3RDYEARPROJECTSTORAGE\TERRAIN SCENE WITH SKYBOX\DIRECTXSTUFF\DIRECTXSTUFF\DEBUG\POSITION.OBJ
C:\USERS\DAVID\DOCUMENTS\GITHUB\3RDYEARPROJECTSTORAGE\TERRAIN SCENE WITH SKYBOX\DIRECTXSTUFF\DIRECTXSTUFF\DEBUG\QUADTREE.OBJ
C:\USERS\DAVID\DOCUMENTS\GITHUB\3RDYEARPROJECTSTORAGE\TERRAIN SCENE WITH SKYBOX\DIRECTXSTUFF\DIRECTXSTUFF\DEBUG\REFLECTIONSHADER.OBJ
C:\USERS\DAVID\DOCUMENTS\GITHUB\3RDYEARPROJECTSTORAGE\TERRAIN SCENE WITH SKYBOX\DIRECTXSTUFF\DIRECTXSTUFF\DEBUG\RENDERTEXTURE.OBJ
C:\USERS\DAVID\DOCUMENTS\GITHUB\3RDYEARPROJECTSTORAGE\TERRAIN SCENE WITH SKYBOX\DIRECTXSTUFF\DIRECTXSTUFF\DEBUG\SKYDOME.OBJ
C:\USERS\DAVID\DOCUMENTS\GITHUB\3RDYEARPROJECTSTORAGE\TERRAIN SCENE WITH SKYBOX\DIRECTXSTUFF\DIRECTXSTUFF\DEBUG\SKYDOMESHADER.OBJ
C:\USERS\DAVID\DOCUMENTS\GITHUB\3RDYEARPROJECTSTORAGE\TERRAIN SCENE WITH SKYBOX\DIRECTXSTUFF\DIRECTXSTUFF\DEBUG\SKYPLANE.OBJ
C:\USERS\DAVID\DOCUMENTS\GITHUB\3RDYEARPROJECTSTORAGE\TERRAIN SCENE WITH SKYBOX\DIRECTXSTUFF\DIRECTXSTUFF\DEBUG\SKYPLANESHADER.OBJ
C:\USERS\DAVID\DOCUMENTS\GITHUB\3RDYEARPROJECTSTORAGE\TERRAIN SCENE WITH SKYBOX\DIRECTXSTUFF\DIRECTXSTUFF\DEBUG\SYSTEMBACKEND.OBJ
C:\USERS\DAVID\DOCUMENTS\GITHUB\3RDYEARPROJECTSTORAGE\TERRAIN SCENE WITH SKYBOX\DIRECTXSTUFF\DIRECTXSTUFF\DEBUG\TERRAIN.OBJ
C:\USERS\DAVID\DOCUMENTS\GITHUB\3RDYEARPROJECTSTORAGE\TERRAIN SCENE WITH SKYBOX\DIRECTXSTUFF\DIRECTXSTUFF\DEBUG\TERRAINSHADER.OBJ
C:\USERS\DAVID\DOCUMENTS\GITHUB\3RDYEARPROJECTSTORAGE\TERRAIN SCENE WITH SKYBOX\DIRECTXSTUFF\DIRECTXSTUFF\DEBUG\TEXTHANDLER.OBJ
C:\USERS\DAVID\DOCUMENTS\GITHUB\3RDYEARPROJECTSTORAGE\TERRAIN SCENE WITH SKYBOX\DIRECTXSTUFF\DIRECTXSTUFF\DEBUG\TEXTURE.OBJ
C:\USERS\DAVID\DOCUMENTS\GITHUB\3RDYEARPROJECTSTORAGE\TERRAIN SCENE WITH SKYBOX\DIRECTXSTUFF\DIRECTXSTUFF\DEBUG\TEXTURESHADER.OBJ
C:\USERS\DAVID\DOCUMENTS\GITHUB\3RDYEARPROJECTSTORAGE\TERRAIN SCENE WITH SKYBOX\DIRECTXSTUFF\DIRECTXSTUFF\DEBUG\TIMER.OBJ
C:\Users\David\Documents\GitHub\3rdYearProjectStorage\Terrain Scene with skybox\DirectXStuff\DirectXStuff\Debug\vc100.idb
C:\USERS\DAVID\DOCUMENTS\GITHUB\3RDYEARPROJECTSTORAGE\TERRAIN SCENE WITH SKYBOX\DIRECTXSTUFF\DIRECTXSTUFF\DEBUG\VC100.PDB
C:\USERS\DAVID\DOCUMENTS\GITHUB\3RDYEARPROJECTSTORAGE\TERRAIN SCENE WITH SKYBOX\DIRECTXSTUFF\DIRECTXSTUFF\DEBUG\WATER.OBJ
C:\USERS\DAVID\DOCUMENTS\GITHUB\3RDYEARPROJECTSTORAGE\TERRAIN SCENE WITH SKYBOX\DIRECTXSTUFF\DIRECTXSTUFF\DEBUG\WATERSHADER.OBJ
C:\USERS\DAVID\DOCUMENTS\GITHUB\PROJECTSTORAGE\DIRECTX DAVID RYAN TERRAIN SCENE WIREFRAME WITH TANK WORKING WATER\DIRECTXSTUFF\DEBUG\DIRECTXSTUFF.EXE
C:\USERS\DAVID\DOCUMENTS\GITHUB\PROJECTSTORAGE\DIRECTX DAVID RYAN TERRAIN SCENE WIREFRAME WITH TANK WORKING WATER\DIRECTXSTUFF\DEBUG\DIRECTXSTUFF.PDB
C:\USERS\DAVID\DOCUMENTS\GITHUB\PROJECTSTORAGE\DIRECTX DAVID RYAN TERRAIN SCENE WIREFRAME WITH TANK WORKING WATER\DIRECTXSTUFF\DIRECTXSTUFF\DEBUG\APPLICATION.OBJ
C:\USERS\DAVID\DOCUMENTS\GITHUB\PROJECTSTORAGE\DIRECTX DAVID RYAN TERRAIN SCENE WIREFRAME WITH TANK WORKING WATER\DIRECTXSTUFF\DIRECTXSTUFF\DEBUG\CAMERA.OBJ
C:\USERS\DAVID\DOCUMENTS\GITHUB\PROJECTSTORAGE\DIRECTX DAVID RYAN TERRAIN SCENE WIREFRAME WITH TANK WORKING WATER\DIRECTXSTUFF\DIRECTXSTUFF\DEBUG\COLORSHADER.OBJ
C:\USERS\DAVID\DOCUMENTS\GITHUB\PROJECTSTORAGE\DIRECTX DAVID RYAN TERRAIN SCENE WIREFRAME WITH TANK WORKING WATER\DIRECTXSTUFF\DIRECTXSTUFF\DEBUG\CPUQUERY.OBJ
C:\USERS\DAVID\DOCUMENTS\GITHUB\PROJECTSTORAGE\DIRECTX DAVID RYAN TERRAIN SCENE WIREFRAME WITH TANK WORKING WATER\DIRECTXSTUFF\DIRECTXSTUFF\DEBUG\DIRECT3DHANDLER.OBJ
C:\USERS\DAVID\DOCUMENTS\GITHUB\PROJECTSTORAGE\DIRECTX DAVID RYAN TERRAIN SCENE WIREFRAME WITH TANK WORKING WATER\DIRECTXSTUFF\DIRECTXSTUFF\DEBUG\DIRECTXSTUFF.EXE.INTERMEDIATE.MANIFEST
C:\USERS\DAVID\DOCUMENTS\GITHUB\PROJECTSTORAGE\DIRECTX DAVID RYAN TERRAIN SCENE WIREFRAME WITH TANK WORKING WATER\DIRECTXSTUFF\DIRECTXSTUFF\DEBUG\DXMAIN.OBJ
C:\USERS\DAVID\DOCUMENTS\GITHUB\PROJECTSTORAGE\DIRECTX DAVID RYAN TERRAIN SCENE WIREFRAME WITH TANK WORKING WATER\DIRECTXSTUFF\DIRECTXSTUFF\DEBUG\FONTHANDLER.OBJ
C:\USERS\DAVID\DOCUMENTS\GITHUB\PROJECTSTORAGE\DIRECTX DAVID RYAN TERRAIN SCENE WIREFRAME WITH TANK WORKING WATER\DIRECTXSTUFF\DIRECTXSTUFF\DEBUG\FONTSHADER.OBJ
C:\USERS\DAVID\DOCUMENTS\GITHUB\PROJECTSTORAGE\DIRECTX DAVID RYAN TERRAIN SCENE WIREFRAME WITH TANK WORKING WATER\DIRECTXSTUFF\DIRECTXSTUFF\DEBUG\FRAMESPS.OBJ
C:\USERS\DAVID\DOCUMENTS\GITHUB\PROJECTSTORAGE\DIRECTX DAVID RYAN TERRAIN SCENE WIREFRAME WITH TANK WORKING WATER\DIRECTXSTUFF\DIRECTXSTUFF\DEBUG\FRUSTUM.OBJ
C:\USERS\DAVID\DOCUMENTS\GITHUB\PROJECTSTORAGE\DIRECTX DAVID RYAN TERRAIN SCENE WIREFRAME WITH TANK WORKING WATER\DIRECTXSTUFF\DIRECTXSTUFF\DEBUG\INPUT.OBJ
C:\USERS\DAVID\DOCUMENTS\GITHUB\PROJECTSTORAGE\DIRECTX DAVID RYAN TERRAIN SCENE WIREFRAME WITH TANK WORKING WATER\DIRECTXSTUFF\DIRECTXSTUFF\DEBUG\LIGHT.OBJ
C:\USERS\DAVID\DOCUMENTS\GITHUB\PROJECTSTORAGE\DIRECTX DAVID RYAN TERRAIN SCENE WIREFRAME WITH TANK WORKING WATER\DIRECTXSTUFF\DIRECTXSTUFF\DEBUG\LIGHTSHADER.OBJ
C:\USERS\DAVID\DOCUMENTS\GITHUB\PROJECTSTORAGE\DIRECTX DAVID RYAN TERRAIN SCENE WIREFRAME WITH TANK WORKING WATER\DIRECTXSTUFF\DIRECTXSTUFF\DEBUG\MODEL.OBJ
C:\USERS\DAVID\DOCUMENTS\GITHUB\PROJECTSTORAGE\DIRECTX DAVID RYAN TERRAIN SCENE WIREFRAME WITH TANK WORKING WATER\DIRECTXSTUFF\DIRECTXSTUFF\DEBUG\MULTITEXTURESHADER.OBJ
C:\USERS\DAVID\DOCUMENTS\GITHUB\PROJECTSTORAGE\DIRECTX DAVID RYAN TERRAIN SCENE WIREFRAME WITH TANK WORKING WATER\DIRECTXSTUFF\DIRECTXSTUFF\DEBUG\POSITION.OBJ
C:\USERS\DAVID\DOCUMENTS\GITHUB\PROJECTSTORAGE\DIRECTX DAVID RYAN TERRAIN SCENE WIREFRAME WITH TANK WORKING WATER\DIRECTXSTUFF\DIRECTXSTUFF\DEBUG\QUADTREE.OBJ
C:\USERS\DAVID\DOCUMENTS\GITHUB\PROJECTSTORAGE\DIRECTX DAVID RYAN TERRAIN SCENE WIREFRAME WITH TANK WORKING WATER\DIRECTXSTUFF\DIRECTXSTUFF\DEBUG\REFLECTIONSHADER.OBJ
C:\USERS\DAVID\DOCUMENTS\GITHUB\PROJECTSTORAGE\DIRECTX DAVID RYAN TERRAIN SCENE WIREFRAME WITH TANK WORKING WATER\DIRECTXSTUFF\DIRECTXSTUFF\DEBUG\RENDERTEXTURE.OBJ
C:\USERS\DAVID\DOCUMENTS\GITHUB\PROJECTSTORAGE\DIRECTX DAVID RYAN TERRAIN SCENE WIREFRAME WITH TANK WORKING WATER\DIRECTXSTUFF\DIRECTXSTUFF\DEBUG\SKYDOME.OBJ
C:\USERS\DAVID\DOCUMENTS\GITHUB\PROJECTSTORAGE\DIRECTX DAVID RYAN TERRAIN SCENE WIREFRAME WITH TANK WORKING WATER\DIRECTXSTUFF\DIRECTXSTUFF\DEBUG\SKYDOMESHADER.OBJ
C:\USERS\DAVID\DOCUMENTS\GITHUB\PROJECTSTORAGE\DIRECTX DAVID RYAN TERRAIN SCENE WIREFRAME WITH TANK WORKING WATER\DIRECTXSTUFF\DIRECTXSTUFF\DEBUG\SKYPLANE.OBJ
C:\USERS\DAVID\DOCUMENTS\GITHUB\PROJECTSTORAGE\DIRECTX DAVID RYAN TERRAIN SCENE WIREFRAME WITH TANK WORKING WATER\DIRECTXSTUFF\DIRECTXSTUFF\DEBUG\SKYPLANESHADER.OBJ
C:\USERS\DAVID\DOCUMENTS\GITHUB\PROJECTSTORAGE\DIRECTX DAVID RYAN TERRAIN SCENE WIREFRAME WITH TANK WORKING WATER\DIRECTXSTUFF\DIRECTXSTUFF\DEBUG\SYSTEMBACKEND.OBJ
C:\USERS\DAVID\DOCUMENTS\GITHUB\PROJECTSTORAGE\DIRECTX DAVID RYAN TERRAIN SCENE WIREFRAME WITH TANK WORKING WATER\DIRECTXSTUFF\DIRECTXSTUFF\DEBUG\TERRAIN.OBJ
C:\USERS\DAVID\DOCUMENTS\GITHUB\PROJECTSTORAGE\DIRECTX DAVID RYAN TERRAIN SCENE WIREFRAME WITH TANK WORKING WATER\DIRECTXSTUFF\DIRECTXSTUFF\DEBUG\TERRAINSHADER.OBJ
C:\USERS\DAVID\DOCUMENTS\GITHUB\PROJECTSTORAGE\DIRECTX DAVID RYAN TERRAIN SCENE WIREFRAME WITH TANK WORKING WATER\DIRECTXSTUFF\DIRECTXSTUFF\DEBUG\TEXTHANDLER.OBJ
C:\USERS\DAVID\DOCUMENTS\GITHUB\PROJECTSTORAGE\DIRECTX DAVID RYAN TERRAIN SCENE WIREFRAME WITH TANK WORKING WATER\DIRECTXSTUFF\DIRECTXSTUFF\DEBUG\TEXTURE.OBJ
C:\USERS\DAVID\DOCUMENTS\GITHUB\PROJECTSTORAGE\DIRECTX DAVID RYAN TERRAIN SCENE WIREFRAME WITH TANK WORKING WATER\DIRECTXSTUFF\DIRECTXSTUFF\DEBUG\TEXTURESHADER.OBJ
C:\USERS\DAVID\DOCUMENTS\GITHUB\PROJECTSTORAGE\DIRECTX DAVID RYAN TERRAIN SCENE WIREFRAME WITH TANK WORKING WATER\DIRECTXSTUFF\DIRECTXSTUFF\DEBUG\TIMER.OBJ
C:\USERS\DAVID\DOCUMENTS\GITHUB\PROJECTSTORAGE\DIRECTX DAVID RYAN TERRAIN SCENE WIREFRAME WITH TANK WORKING WATER\DIRECTXSTUFF\DIRECTXSTUFF\DEBUG\VC100.PDB
C:\USERS\DAVID\DOCUMENTS\GITHUB\PROJECTSTORAGE\DIRECTX DAVID RYAN TERRAIN SCENE WIREFRAME WITH TANK WORKING WATER\DIRECTXSTUFF\DIRECTXSTUFF\DEBUG\WATER.OBJ
C:\USERS\DAVID\DOCUMENTS\GITHUB\PROJECTSTORAGE\DIRECTX DAVID RYAN TERRAIN SCENE WIREFRAME WITH TANK WORKING WATER\DIRECTXSTUFF\DIRECTXSTUFF\DEBUG\WATERSHADER.OBJ
C:\USERS\DAVID\DOCUMENTS\GITHUB\PROJECTSTORAGE\WATER SCENE NEEDS WFNOWF MOUSEBASEDCAMERA 0.2\DIRECTXSTUFF\DEBUG\DIRECTXSTUFF.EXE
C:\USERS\DAVID\DOCUMENTS\GITHUB\PROJECTSTORAGE\WATER SCENE NEEDS WFNOWF MOUSEBASEDCAMERA 0.2\DIRECTXSTUFF\DEBUG\DIRECTXSTUFF.PDB
C:\USERS\DAVID\DOCUMENTS\GITHUB\PROJECTSTORAGE\WATER SCENE NEEDS WFNOWF MOUSEBASEDCAMERA 0.2\DIRECTXSTUFF\DIRECTXSTUFF\DEBUG\APPLICATION.OBJ
C:\USERS\DAVID\DOCUMENTS\GITHUB\PROJECTSTORAGE\WATER SCENE NEEDS WFNOWF MOUSEBASEDCAMERA 0.2\DIRECTXSTUFF\DIRECTXSTUFF\DEBUG\CAMERA.OBJ
C:\USERS\DAVID\DOCUMENTS\GITHUB\PROJECTSTORAGE\WATER SCENE NEEDS WFNOWF MOUSEBASEDCAMERA 0.2\DIRECTXSTUFF\DIRECTXSTUFF\DEBUG\COLORSHADER.OBJ
C:\USERS\DAVID\DOCUMENTS\GITHUB\PROJECTSTORAGE\WATER SCENE NEEDS WFNOWF MOUSEBASEDCAMERA 0.2\DIRECTXSTUFF\DIRECTXSTUFF\DEBUG\CPUQUERY.OBJ
C:\USERS\DAVID\DOCUMENTS\GITHUB\PROJECTSTORAGE\WATER SCENE NEEDS WFNOWF MOUSEBASEDCAMERA 0.2\DIRECTXSTUFF\DIRECTXSTUFF\DEBUG\DIRECT3DHANDLER.OBJ
C:\USERS\DAVID\DOCUMENTS\GITHUB\PROJECTSTORAGE\WATER SCENE NEEDS WFNOWF MOUSEBASEDCAMERA 0.2\DIRECTXSTUFF\DIRECTXSTUFF\DEBUG\DIRECTXSTUFF.EXE.INTERMEDIATE.MANIFEST
C:\USERS\DAVID\DOCUMENTS\GITHUB\PROJECTSTORAGE\WATER SCENE NEEDS WFNOWF MOUSEBASEDCAMERA 0.2\DIRECTXSTUFF\DIRECTXSTUFF\DEBUG\DXMAIN.OBJ
C:\USERS\DAVID\DOCUMENTS\GITHUB\PROJECTSTORAGE\WATER SCENE NEEDS WFNOWF MOUSEBASEDCAMERA 0.2\DIRECTXSTUFF\DIRECTXSTUFF\DEBUG\FONTHANDLER.OBJ
C:\USERS\DAVID\DOCUMENTS\GITHUB\PROJECTSTORAGE\WATER SCENE NEEDS WFNOWF MOUSEBASEDCAMERA 0.2\DIRECTXSTUFF\DIRECTXSTUFF\DEBUG\FONTSHADER.OBJ
C:\USERS\DAVID\DOCUMENTS\GITHUB\PROJECTSTORAGE\WATER SCENE NEEDS WFNOWF MOUSEBASEDCAMERA 0.2\DIRECTXSTUFF\DIRECTXSTUFF\DEBUG\FRAMESPS.OBJ
C:\USERS\DAVID\DOCUMENTS\GITHUB\PROJECTSTORAGE\WATER SCENE NEEDS WFNOWF MOUSEBASEDCAMERA 0.2\DIRECTXSTUFF\DIRECTXSTUFF\DEBUG\FRUSTUM.OBJ
C:\USERS\DAVID\DOCUMENTS\GITHUB\PROJECTSTORAGE\WATER SCENE NEEDS WFNOWF MOUSEBASEDCAMERA 0.2\DIRECTXSTUFF\DIRECTXSTUFF\DEBUG\INPUT.OBJ
C:\USERS\DAVID\DOCUMENTS\GITHUB\PROJECTSTORAGE\WATER SCENE NEEDS WFNOWF MOUSEBASEDCAMERA 0.2\DIRECTXSTUFF\DIRECTXSTUFF\DEBUG\LIGHT.OBJ
C:\USERS\DAVID\DOCUMENTS\GITHUB\PROJECTSTORAGE\WATER SCENE NEEDS WFNOWF MOUSEBASEDCAMERA 0.2\DIRECTXSTUFF\DIRECTXSTUFF\DEBUG\LIGHTSHADER.OBJ
C:\USERS\DAVID\DOCUMENTS\GITHUB\PROJECTSTORAGE\WATER SCENE NEEDS WFNOWF MOUSEBASEDCAMERA 0.2\DIRECTXSTUFF\DIRECTXSTUFF\DEBUG\MODEL.OBJ
C:\USERS\DAVID\DOCUMENTS\GITHUB\PROJECTSTORAGE\WATER SCENE NEEDS WFNOWF MOUSEBASEDCAMERA 0.2\DIRECTXSTUFF\DIRECTXSTUFF\DEBUG\MULTITEXTURESHADER.OBJ
C:\USERS\DAVID\DOCUMENTS\GITHUB\PROJECTSTORAGE\WATER SCENE NEEDS WFNOWF MOUSEBASEDCAMERA 0.2\DIRECTXSTUFF\DIRECTXSTUFF\DEBUG\POSITION.OBJ
C:\USERS\DAVID\DOCUMENTS\GITHUB\PROJECTSTORAGE\WATER SCENE NEEDS WFNOWF MOUSEBASEDCAMERA 0.2\DIRECTXSTUFF\DIRECTXSTUFF\DEBUG\QUADTREE.OBJ
C:\USERS\DAVID\DOCUMENTS\GITHUB\PROJECTSTORAGE\WATER SCENE NEEDS WFNOWF MOUSEBASEDCAMERA 0.2\DIRECTXSTUFF\DIRECTXSTUFF\DEBUG\REFLECTIONSHADER.OBJ
C:\USERS\DAVID\DOCUMENTS\GITHUB\PROJECTSTORAGE\WATER SCENE NEEDS WFNOWF MOUSEBASEDCAMERA 0.2\DIRECTXSTUFF\DIRECTXSTUFF\DEBUG\RENDERTEXTURE.OBJ
C:\USERS\DAVID\DOCUMENTS\GITHUB\PROJECTSTORAGE\WATER SCENE NEEDS WFNOWF MOUSEBASEDCAMERA 0.2\DIRECTXSTUFF\DIRECTXSTUFF\DEBUG\SKYDOME.OBJ
C:\USERS\DAVID\DOCUMENTS\GITHUB\PROJECTSTORAGE\WATER SCENE NEEDS WFNOWF MOUSEBASEDCAMERA 0.2\DIRECTXSTUFF\DIRECTXSTUFF\DEBUG\SKYDOMESHADER.OBJ
C:\USERS\DAVID\DOCUMENTS\GITHUB\PROJECTSTORAGE\WATER SCENE NEEDS WFNOWF MOUSEBASEDCAMERA 0.2\DIRECTXSTUFF\DIRECTXSTUFF\DEBUG\SKYPLANE.OBJ
C:\USERS\DAVID\DOCUMENTS\GITHUB\PROJECTSTORAGE\WATER SCENE NEEDS WFNOWF MOUSEBASEDCAMERA 0.2\DIRECTXSTUFF\DIRECTXSTUFF\DEBUG\SKYPLANESHADER.OBJ
C:\USERS\DAVID\DOCUMENTS\GITHUB\PROJECTSTORAGE\WATER SCENE NEEDS WFNOWF MOUSEBASEDCAMERA 0.2\DIRECTXSTUFF\DIRECTXSTUFF\DEBUG\SYSTEMBACKEND.OBJ
C:\USERS\DAVID\DOCUMENTS\GITHUB\PROJECTSTORAGE\WATER SCENE NEEDS WFNOWF MOUSEBASEDCAMERA 0.2\DIRECTXSTUFF\DIRECTXSTUFF\DEBUG\TERRAIN.OBJ
C:\USERS\DAVID\DOCUMENTS\GITHUB\PROJECTSTORAGE\WATER SCENE NEEDS WFNOWF MOUSEBASEDCAMERA 0.2\DIRECTXSTUFF\DIRECTXSTUFF\DEBUG\TERRAINSHADER.OBJ
C:\USERS\DAVID\DOCUMENTS\GITHUB\PROJECTSTORAGE\WATER SCENE NEEDS WFNOWF MOUSEBASEDCAMERA 0.2\DIRECTXSTUFF\DIRECTXSTUFF\DEBUG\TEXTHANDLER.OBJ
C:\USERS\DAVID\DOCUMENTS\GITHUB\PROJECTSTORAGE\WATER SCENE NEEDS WFNOWF MOUSEBASEDCAMERA 0.2\DIRECTXSTUFF\DIRECTXSTUFF\DEBUG\TEXTURE.OBJ
C:\USERS\DAVID\DOCUMENTS\GITHUB\PROJECTSTORAGE\WATER SCENE NEEDS WFNOWF MOUSEBASEDCAMERA 0.2\DIRECTXSTUFF\DIRECTXSTUFF\DEBUG\TEXTURESHADER.OBJ
C:\USERS\DAVID\DOCUMENTS\GITHUB\PROJECTSTORAGE\WATER SCENE NEEDS WFNOWF MOUSEBASEDCAMERA 0.2\DIRECTXSTUFF\DIRECTXSTUFF\DEBUG\TIMER.OBJ
C:\USERS\DAVID\DOCUMENTS\GITHUB\PROJECTSTORAGE\WATER SCENE NEEDS WFNOWF MOUSEBASEDCAMERA 0.2\DIRECTXSTUFF\DIRECTXSTUFF\DEBUG\VC100.PDB
C:\USERS\DAVID\DOCUMENTS\GITHUB\PROJECTSTORAGE\WATER SCENE NEEDS WFNOWF MOUSEBASEDCAMERA 0.2\DIRECTXSTUFF\DIRECTXSTUFF\DEBUG\WATER.OBJ
C:\USERS\DAVID\DOCUMENTS\GITHUB\PROJECTSTORAGE\WATER SCENE NEEDS WFNOWF MOUSEBASEDCAMERA 0.2\DIRECTXSTUFF\DIRECTXSTUFF\DEBUG\WATERSHADER.OBJ
E:\PROJECTSTORAGE\WATER SCENE NEEDS WFNOWF MOUSEBASEDCAMERA 0.2\DIRECTXSTUFF\DEBUG\DIRECTXSTUFF.EXE
E:\PROJECTSTORAGE\WATER SCENE NEEDS WFNOWF MOUSEBASEDCAMERA 0.2\DIRECTXSTUFF\DEBUG\DIRECTXSTUFF.PDB
E:\PROJECTSTORAGE\WATER SCENE NEEDS WFNOWF MOUSEBASEDCAMERA 0.2\DIRECTXSTUFF\DIRECTXSTUFF\DEBUG\APPLICATION.OBJ
E:\PROJECTSTORAGE\WATER SCENE NEEDS WFNOWF MOUSEBASEDCAMERA 0.2\DIRECTXSTUFF\DIRECTXSTUFF\DEBUG\CAMERA.OBJ
E:\PROJECTSTORAGE\WATER SCENE NEEDS WFNOWF MOUSEBASEDCAMERA 0.2\DIRECTXSTUFF\DIRECTXSTUFF\DEBUG\COLORSHADER.OBJ
E:\PROJECTSTORAGE\WATER SCENE NEEDS WFNOWF MOUSEBASEDCAMERA 0.2\DIRECTXSTUFF\DIRECTXSTUFF\DEBUG\CPUQUERY.OBJ
E:\PROJECTSTORAGE\WATER SCENE NEEDS WFNOWF MOUSEBASEDCAMERA 0.2\DIRECTXSTUFF\DIRECTXSTUFF\DEBUG\DIRECT3DHANDLER.OBJ
E:\PROJECTSTORAGE\WATER SCENE NEEDS WFNOWF MOUSEBASEDCAMERA 0.2\DIRECTXSTUFF\DIRECTXSTUFF\DEBUG\DIRECTXSTUFF.EXE.INTERMEDIATE.MANIFEST
E:\PROJECTSTORAGE\WATER SCENE NEEDS WFNOWF MOUSEBASEDCAMERA 0.2\DIRECTXSTUFF\DIRECTXSTUFF\DEBUG\DXMAIN.OBJ
E:\PROJECTSTORAGE\WATER SCENE NEEDS WFNOWF MOUSEBASEDCAMERA 0.2\DIRECTXSTUFF\DIRECTXSTUFF\DEBUG\FONTHANDLER.OBJ
E:\PROJECTSTORAGE\WATER SCENE NEEDS WFNOWF MOUSEBASEDCAMERA 0.2\DIRECTXSTUFF\DIRECTXSTUFF\DEBUG\FONTSHADER.OBJ
E:\PROJECTSTORAGE\WATER SCENE NEEDS WFNOWF MOUSEBASEDCAMERA 0.2\DIRECTXSTUFF\DIRECTXSTUFF\DEBUG\FRAMESPS.OBJ
E:\PROJECTSTORAGE\WATER SCENE NEEDS WFNOWF MOUSEBASEDCAMERA 0.2\DIRECTXSTUFF\DIRECTXSTUFF\DEBUG\FRUSTUM.OBJ
E:\PROJECTSTORAGE\WATER SCENE NEEDS WFNOWF MOUSEBASEDCAMERA 0.2\DIRECTXSTUFF\DIRECTXSTUFF\DEBUG\INPUT.OBJ
E:\PROJECTSTORAGE\WATER SCENE NEEDS WFNOWF MOUSEBASEDCAMERA 0.2\DIRECTXSTUFF\DIRECTXSTUFF\DEBUG\LIGHT.OBJ
E:\PROJECTSTORAGE\WATER SCENE NEEDS WFNOWF MOUSEBASEDCAMERA 0.2\DIRECTXSTUFF\DIRECTXSTUFF\DEBUG\LIGHTSHADER.OBJ
E:\PROJECTSTORAGE\WATER SCENE NEEDS WFNOWF MOUSEBASEDCAMERA 0.2\DIRECTXSTUFF\DIRECTXSTUFF\DEBUG\MODEL.OBJ
E:\PROJECTSTORAGE\WATER SCENE NEEDS WFNOWF MOUSEBASEDCAMERA 0.2\DIRECTXSTUFF\DIRECTXSTUFF\DEBUG\MULTITEXTURESHADER.OBJ
E:\PROJECTSTORAGE\WATER SCENE NEEDS WFNOWF MOUSEBASEDCAMERA 0.2\DIRECTXSTUFF\DIRECTXSTUFF\DEBUG\POSITION.OBJ
E:\PROJECTSTORAGE\WATER SCENE NEEDS WFNOWF MOUSEBASEDCAMERA 0.2\DIRECTXSTUFF\DIRECTXSTUFF\DEBUG\QUADTREE.OBJ
E:\PROJECTSTORAGE\WATER SCENE NEEDS WFNOWF MOUSEBASEDCAMERA 0.2\DIRECTXSTUFF\DIRECTXSTUFF\DEBUG\REFLECTIONSHADER.OBJ
E:\PROJECTSTORAGE\WATER SCENE NEEDS WFNOWF MOUSEBASEDCAMERA 0.2\DIRECTXSTUFF\DIRECTXSTUFF\DEBUG\RENDERTEXTURE.OBJ
E:\PROJECTSTORAGE\WATER SCENE NEEDS WFNOWF MOUSEBASEDCAMERA 0.2\DIRECTXSTUFF\DIRECTXSTUFF\DEBUG\SKYDOME.OBJ
E:\PROJECTSTORAGE\WATER SCENE NEEDS WFNOWF MOUSEBASEDCAMERA 0.2\DIRECTXSTUFF\DIRECTXSTUFF\DEBUG\SKYDOMESHADER.OBJ
E:\PROJECTSTORAGE\WATER SCENE NEEDS WFNOWF MOUSEBASEDCAMERA 0.2\DIRECTXSTUFF\DIRECTXSTUFF\DEBUG\SKYPLANE.OBJ
E:\PROJECTSTORAGE\WATER SCENE NEEDS WFNOWF MOUSEBASEDCAMERA 0.2\DIRECTXSTUFF\DIRECTXSTUFF\DEBUG\SKYPLANESHADER.OBJ
E:\PROJECTSTORAGE\WATER SCENE NEEDS WFNOWF MOUSEBASEDCAMERA 0.2\DIRECTXSTUFF\DIRECTXSTUFF\DEBUG\SYSTEMBACKEND.OBJ
E:\PROJECTSTORAGE\WATER SCENE NEEDS WFNOWF MOUSEBASEDCAMERA 0.2\DIRECTXSTUFF\DIRECTXSTUFF\DEBUG\TERRAIN.OBJ
E:\PROJECTSTORAGE\WATER SCENE NEEDS WFNOWF MOUSEBASEDCAMERA 0.2\DIRECTXSTUFF\DIRECTXSTUFF\DEBUG\TERRAINSHADER.OBJ
E:\PROJECTSTORAGE\WATER SCENE NEEDS WFNOWF MOUSEBASEDCAMERA 0.2\DIRECTXSTUFF\DIRECTXSTUFF\DEBUG\TEXTHANDLER.OBJ
E:\PROJECTSTORAGE\WATER SCENE NEEDS WFNOWF MOUSEBASEDCAMERA 0.2\DIRECTXSTUFF\DIRECTXSTUFF\DEBUG\TEXTURE.OBJ
E:\PROJECTSTORAGE\WATER SCENE NEEDS WFNOWF MOUSEBASEDCAMERA 0.2\DIRECTXSTUFF\DIRECTXSTUFF\DEBUG\TEXTURESHADER.OBJ
E:\PROJECTSTORAGE\WATER SCENE NEEDS WFNOWF MOUSEBASEDCAMERA 0.2\DIRECTXSTUFF\DIRECTXSTUFF\DEBUG\TIMER.OBJ
E:\PROJECTSTORAGE\WATER SCENE NEEDS WFNOWF MOUSEBASEDCAMERA 0.2\DIRECTXSTUFF\DIRECTXSTUFF\DEBUG\VC100.PDB
E:\PROJECTSTORAGE\WATER SCENE NEEDS WFNOWF MOUSEBASEDCAMERA 0.2\DIRECTXSTUFF\DIRECTXSTUFF\DEBUG\WATER.OBJ
E:\PROJECTSTORAGE\WATER SCENE NEEDS WFNOWF MOUSEBASEDCAMERA 0.2\DIRECTXSTUFF\DIRECTXSTUFF\DEBUG\WATERSHADER.OBJ
